{"/Users/juancazala/code/synaptic-engine/dist/src/index.js":{"path":"/Users/juancazala/code/synaptic-engine/dist/src/index.js","statementMap":{"0":{"start":{"line":2,"column":0},"end":{"line":2,"column":62}},"1":{"start":{"line":3,"column":18},"end":{"line":3,"column":38}},"2":{"start":{"line":4,"column":0},"end":{"line":4,"column":36}},"3":{"start":{"line":5,"column":18},"end":{"line":5,"column":38}},"4":{"start":{"line":6,"column":0},"end":{"line":6,"column":36}},"5":{"start":{"line":7,"column":17},"end":{"line":7,"column":36}},"6":{"start":{"line":8,"column":0},"end":{"line":8,"column":34}},"7":{"start":{"line":9,"column":19},"end":{"line":9,"column":40}},"8":{"start":{"line":10,"column":0},"end":{"line":10,"column":38}},"9":{"start":{"line":11,"column":19},"end":{"line":11,"column":38}},"10":{"start":{"line":12,"column":0},"end":{"line":12,"column":38}},"11":{"start":{"line":13,"column":15},"end":{"line":13,"column":38}},"12":{"start":{"line":14,"column":0},"end":{"line":14,"column":37}}},"fnMap":{},"branchMap":{},"s":{"0":1,"1":1,"2":1,"3":1,"4":1,"5":1,"6":1,"7":1,"8":1,"9":1,"10":1,"11":1,"12":1},"f":{},"b":{},"_coverageSchema":"332fd63041d2c1bcb487cc26dd0d5f7d97098a6c","hash":"9791c9cb2fb727b0462fd81c093fbfcdd4c14579","contentHash":"bb7b5ab49fa157d4c365c6434d6ea409_11.0.3"},"/Users/juancazala/code/synaptic-engine/dist/src/Network.js":{"path":"/Users/juancazala/code/synaptic-engine/dist/src/Network.js","statementMap":{"0":{"start":{"line":2,"column":0},"end":{"line":2,"column":62}},"1":{"start":{"line":3,"column":19},"end":{"line":3,"column":38}},"2":{"start":{"line":4,"column":19},"end":{"line":4,"column":40}},"3":{"start":{"line":7,"column":8},"end":{"line":7,"column":48}},"4":{"start":{"line":8,"column":8},"end":{"line":8,"column":29}},"5":{"start":{"line":10,"column":22},"end":{"line":10,"column":29}},"6":{"start":{"line":11,"column":21},"end":{"line":11,"column":25}},"7":{"start":{"line":12,"column":26},"end":{"line":12,"column":30}},"8":{"start":{"line":13,"column":28},"end":{"line":13,"column":30}},"9":{"start":{"line":14,"column":8},"end":{"line":28,"column":9}},"10":{"start":{"line":15,"column":12},"end":{"line":17,"column":13}},"11":{"start":{"line":16,"column":16},"end":{"line":16,"column":46}},"12":{"start":{"line":18,"column":12},"end":{"line":20,"column":13}},"13":{"start":{"line":19,"column":16},"end":{"line":19,"column":40}},"14":{"start":{"line":21,"column":12},"end":{"line":23,"column":13}},"15":{"start":{"line":22,"column":16},"end":{"line":22,"column":54}},"16":{"start":{"line":24,"column":12},"end":{"line":24,"column":42}},"17":{"start":{"line":27,"column":12},"end":{"line":27,"column":31}},"18":{"start":{"line":29,"column":8},"end":{"line":31,"column":9}},"19":{"start":{"line":30,"column":12},"end":{"line":30,"column":47}},"20":{"start":{"line":32,"column":8},"end":{"line":32,"column":66}},"21":{"start":{"line":33,"column":8},"end":{"line":33,"column":60}},"22":{"start":{"line":34,"column":8},"end":{"line":34,"column":47}},"23":{"start":{"line":35,"column":8},"end":{"line":35,"column":46}},"24":{"start":{"line":36,"column":27},"end":{"line":36,"column":31}},"25":{"start":{"line":37,"column":27},"end":{"line":37,"column":31}},"26":{"start":{"line":38,"column":8},"end":{"line":38,"column":65}},"27":{"start":{"line":39,"column":27},"end":{"line":39,"column":47}},"28":{"start":{"line":40,"column":8},"end":{"line":54,"column":11}},"29":{"start":{"line":41,"column":12},"end":{"line":41,"column":88}},"30":{"start":{"line":42,"column":12},"end":{"line":42,"column":106}},"31":{"start":{"line":43,"column":12},"end":{"line":45,"column":13}},"32":{"start":{"line":44,"column":16},"end":{"line":44,"column":82}},"33":{"start":{"line":46,"column":34},"end":{"line":46,"column":95}},"34":{"start":{"line":47,"column":12},"end":{"line":49,"column":13}},"35":{"start":{"line":48,"column":16},"end":{"line":48,"column":102}},"36":{"start":{"line":50,"column":12},"end":{"line":52,"column":13}},"37":{"start":{"line":51,"column":16},"end":{"line":51,"column":163}},"38":{"start":{"line":53,"column":12},"end":{"line":53,"column":42}},"39":{"start":{"line":55,"column":8},"end":{"line":55,"column":73}},"40":{"start":{"line":56,"column":8},"end":{"line":56,"column":29}},"41":{"start":{"line":57,"column":8},"end":{"line":61,"column":11}},"42":{"start":{"line":59,"column":12},"end":{"line":59,"column":65}},"43":{"start":{"line":60,"column":12},"end":{"line":60,"column":71}},"44":{"start":{"line":62,"column":8},"end":{"line":62,"column":65}},"45":{"start":{"line":66,"column":8},"end":{"line":72,"column":24}},"46":{"start":{"line":67,"column":21},"end":{"line":67,"column":37}},"47":{"start":{"line":68,"column":21},"end":{"line":68,"column":37}},"48":{"start":{"line":69,"column":12},"end":{"line":69,"column":30}},"49":{"start":{"line":70,"column":12},"end":{"line":70,"column":30}},"50":{"start":{"line":71,"column":12},"end":{"line":71,"column":38}},"51":{"start":{"line":73,"column":8},"end":{"line":73,"column":49}},"52":{"start":{"line":74,"column":8},"end":{"line":74,"column":30}},"53":{"start":{"line":75,"column":8},"end":{"line":75,"column":17}},"54":{"start":{"line":78,"column":8},"end":{"line":79,"column":55}},"55":{"start":{"line":79,"column":12},"end":{"line":79,"column":55}},"56":{"start":{"line":80,"column":8},"end":{"line":80,"column":95}},"57":{"start":{"line":83,"column":8},"end":{"line":83,"column":61}},"58":{"start":{"line":86,"column":8},"end":{"line":86,"column":54}},"59":{"start":{"line":89,"column":19},"end":{"line":89,"column":57}},"60":{"start":{"line":90,"column":22},"end":{"line":90,"column":24}},"61":{"start":{"line":91,"column":8},"end":{"line":103,"column":9}},"62":{"start":{"line":92,"column":12},"end":{"line":94,"column":13}},"63":{"start":{"line":93,"column":16},"end":{"line":93,"column":37}},"64":{"start":{"line":95,"column":28},"end":{"line":95,"column":67}},"65":{"start":{"line":95,"column":51},"end":{"line":95,"column":63}},"66":{"start":{"line":96,"column":12},"end":{"line":98,"column":13}},"67":{"start":{"line":97,"column":16},"end":{"line":97,"column":96}},"68":{"start":{"line":99,"column":12},"end":{"line":99,"column":71}},"69":{"start":{"line":102,"column":12},"end":{"line":102,"column":63}},"70":{"start":{"line":106,"column":8},"end":{"line":106,"column":53}},"71":{"start":{"line":109,"column":8},"end":{"line":109,"column":38}},"72":{"start":{"line":112,"column":8},"end":{"line":112,"column":47}},"73":{"start":{"line":115,"column":8},"end":{"line":115,"column":44}},"74":{"start":{"line":118,"column":8},"end":{"line":118,"column":46}},"75":{"start":{"line":121,"column":23},"end":{"line":121,"column":57}},"76":{"start":{"line":122,"column":8},"end":{"line":122,"column":39}},"77":{"start":{"line":125,"column":8},"end":{"line":127,"column":9}},"78":{"start":{"line":126,"column":12},"end":{"line":126,"column":123}},"79":{"start":{"line":128,"column":8},"end":{"line":128,"column":69}},"80":{"start":{"line":129,"column":8},"end":{"line":129,"column":36}},"81":{"start":{"line":130,"column":8},"end":{"line":130,"column":35}},"82":{"start":{"line":131,"column":8},"end":{"line":131,"column":65}},"83":{"start":{"line":134,"column":0},"end":{"line":134,"column":26}},"84":{"start":{"line":136,"column":4},"end":{"line":136,"column":107}}},"fnMap":{"0":{"name":"(anonymous_0)","decl":{"start":{"line":6,"column":4},"end":{"line":6,"column":5}},"loc":{"start":{"line":6,"column":25},"end":{"line":63,"column":5}},"line":6},"1":{"name":"(anonymous_1)","decl":{"start":{"line":40,"column":23},"end":{"line":40,"column":24}},"loc":{"start":{"line":40,"column":37},"end":{"line":54,"column":9}},"line":40},"2":{"name":"(anonymous_2)","decl":{"start":{"line":58,"column":21},"end":{"line":58,"column":22}},"loc":{"start":{"line":58,"column":39},"end":{"line":61,"column":9}},"line":58},"3":{"name":"(anonymous_3)","decl":{"start":{"line":64,"column":4},"end":{"line":64,"column":5}},"loc":{"start":{"line":64,"column":37},"end":{"line":76,"column":5}},"line":64},"4":{"name":"(anonymous_4)","decl":{"start":{"line":77,"column":4},"end":{"line":77,"column":5}},"loc":{"start":{"line":77,"column":14},"end":{"line":81,"column":5}},"line":77},"5":{"name":"(anonymous_5)","decl":{"start":{"line":82,"column":4},"end":{"line":82,"column":5}},"loc":{"start":{"line":82,"column":56},"end":{"line":84,"column":5}},"line":82},"6":{"name":"(anonymous_6)","decl":{"start":{"line":85,"column":4},"end":{"line":85,"column":5}},"loc":{"start":{"line":85,"column":29},"end":{"line":87,"column":5}},"line":85},"7":{"name":"(anonymous_7)","decl":{"start":{"line":88,"column":4},"end":{"line":88,"column":5}},"loc":{"start":{"line":88,"column":15},"end":{"line":104,"column":5}},"line":88},"8":{"name":"(anonymous_8)","decl":{"start":{"line":95,"column":40},"end":{"line":95,"column":41}},"loc":{"start":{"line":95,"column":51},"end":{"line":95,"column":63}},"line":95},"9":{"name":"(anonymous_9)","decl":{"start":{"line":105,"column":4},"end":{"line":105,"column":5}},"loc":{"start":{"line":105,"column":16},"end":{"line":107,"column":5}},"line":105},"10":{"name":"(anonymous_10)","decl":{"start":{"line":108,"column":4},"end":{"line":108,"column":5}},"loc":{"start":{"line":108,"column":13},"end":{"line":110,"column":5}},"line":108},"11":{"name":"(anonymous_11)","decl":{"start":{"line":111,"column":4},"end":{"line":111,"column":5}},"loc":{"start":{"line":111,"column":12},"end":{"line":113,"column":5}},"line":111},"12":{"name":"(anonymous_12)","decl":{"start":{"line":114,"column":4},"end":{"line":114,"column":5}},"loc":{"start":{"line":114,"column":20},"end":{"line":116,"column":5}},"line":114},"13":{"name":"(anonymous_13)","decl":{"start":{"line":117,"column":4},"end":{"line":117,"column":5}},"loc":{"start":{"line":117,"column":22},"end":{"line":119,"column":5}},"line":117},"14":{"name":"(anonymous_14)","decl":{"start":{"line":120,"column":4},"end":{"line":120,"column":5}},"loc":{"start":{"line":120,"column":26},"end":{"line":123,"column":5}},"line":120},"15":{"name":"(anonymous_15)","decl":{"start":{"line":124,"column":4},"end":{"line":124,"column":5}},"loc":{"start":{"line":124,"column":18},"end":{"line":132,"column":5}},"line":124},"16":{"name":"hasOptions","decl":{"start":{"line":135,"column":9},"end":{"line":135,"column":19}},"loc":{"start":{"line":135,"column":26},"end":{"line":137,"column":1}},"line":135}},"branchMap":{"0":{"loc":{"start":{"line":14,"column":8},"end":{"line":28,"column":9}},"type":"if","locations":[{"start":{"line":14,"column":8},"end":{"line":28,"column":9}},{"start":{"line":14,"column":8},"end":{"line":28,"column":9}}],"line":14},"1":{"loc":{"start":{"line":15,"column":12},"end":{"line":17,"column":13}},"type":"if","locations":[{"start":{"line":15,"column":12},"end":{"line":17,"column":13}},{"start":{"line":15,"column":12},"end":{"line":17,"column":13}}],"line":15},"2":{"loc":{"start":{"line":18,"column":12},"end":{"line":20,"column":13}},"type":"if","locations":[{"start":{"line":18,"column":12},"end":{"line":20,"column":13}},{"start":{"line":18,"column":12},"end":{"line":20,"column":13}}],"line":18},"3":{"loc":{"start":{"line":21,"column":12},"end":{"line":23,"column":13}},"type":"if","locations":[{"start":{"line":21,"column":12},"end":{"line":23,"column":13}},{"start":{"line":21,"column":12},"end":{"line":23,"column":13}}],"line":21},"4":{"loc":{"start":{"line":24,"column":21},"end":{"line":24,"column":41}},"type":"binary-expr","locations":[{"start":{"line":24,"column":21},"end":{"line":24,"column":35}},{"start":{"line":24,"column":39},"end":{"line":24,"column":41}}],"line":24},"5":{"loc":{"start":{"line":29,"column":8},"end":{"line":31,"column":9}},"type":"if","locations":[{"start":{"line":29,"column":8},"end":{"line":31,"column":9}},{"start":{"line":29,"column":8},"end":{"line":31,"column":9}}],"line":29},"6":{"loc":{"start":{"line":32,"column":17},"end":{"line":32,"column":65}},"type":"binary-expr","locations":[{"start":{"line":32,"column":17},"end":{"line":32,"column":23}},{"start":{"line":32,"column":27},"end":{"line":32,"column":65}}],"line":32},"7":{"loc":{"start":{"line":33,"column":22},"end":{"line":33,"column":59}},"type":"binary-expr","locations":[{"start":{"line":33,"column":22},"end":{"line":33,"column":33}},{"start":{"line":33,"column":37},"end":{"line":33,"column":59}}],"line":33},"8":{"loc":{"start":{"line":41,"column":27},"end":{"line":41,"column":87}},"type":"binary-expr","locations":[{"start":{"line":41,"column":27},"end":{"line":41,"column":37}},{"start":{"line":41,"column":41},"end":{"line":41,"column":71}},{"start":{"line":41,"column":75},"end":{"line":41,"column":87}}],"line":41},"9":{"loc":{"start":{"line":43,"column":12},"end":{"line":45,"column":13}},"type":"if","locations":[{"start":{"line":43,"column":12},"end":{"line":45,"column":13}},{"start":{"line":43,"column":12},"end":{"line":45,"column":13}}],"line":43},"10":{"loc":{"start":{"line":47,"column":12},"end":{"line":49,"column":13}},"type":"if","locations":[{"start":{"line":47,"column":12},"end":{"line":49,"column":13}},{"start":{"line":47,"column":12},"end":{"line":49,"column":13}}],"line":47},"11":{"loc":{"start":{"line":50,"column":12},"end":{"line":52,"column":13}},"type":"if","locations":[{"start":{"line":50,"column":12},"end":{"line":52,"column":13}},{"start":{"line":50,"column":12},"end":{"line":52,"column":13}}],"line":50},"12":{"loc":{"start":{"line":59,"column":27},"end":{"line":59,"column":64}},"type":"binary-expr","locations":[{"start":{"line":59,"column":27},"end":{"line":59,"column":48}},{"start":{"line":59,"column":52},"end":{"line":59,"column":64}}],"line":59},"13":{"loc":{"start":{"line":60,"column":12},"end":{"line":60,"column":70}},"type":"binary-expr","locations":[{"start":{"line":60,"column":12},"end":{"line":60,"column":29}},{"start":{"line":60,"column":33},"end":{"line":60,"column":70}}],"line":60},"14":{"loc":{"start":{"line":64,"column":15},"end":{"line":64,"column":23}},"type":"default-arg","locations":[{"start":{"line":64,"column":22},"end":{"line":64,"column":23}}],"line":64},"15":{"loc":{"start":{"line":64,"column":25},"end":{"line":64,"column":35}},"type":"default-arg","locations":[{"start":{"line":64,"column":34},"end":{"line":64,"column":35}}],"line":64},"16":{"loc":{"start":{"line":78,"column":8},"end":{"line":79,"column":55}},"type":"if","locations":[{"start":{"line":78,"column":8},"end":{"line":79,"column":55}},{"start":{"line":78,"column":8},"end":{"line":79,"column":55}}],"line":78},"17":{"loc":{"start":{"line":82,"column":28},"end":{"line":82,"column":54}},"type":"default-arg","locations":[{"start":{"line":82,"column":37},"end":{"line":82,"column":54}}],"line":82},"18":{"loc":{"start":{"line":91,"column":8},"end":{"line":103,"column":9}},"type":"if","locations":[{"start":{"line":91,"column":8},"end":{"line":103,"column":9}},{"start":{"line":91,"column":8},"end":{"line":103,"column":9}}],"line":91},"19":{"loc":{"start":{"line":92,"column":12},"end":{"line":94,"column":13}},"type":"if","locations":[{"start":{"line":92,"column":12},"end":{"line":94,"column":13}},{"start":{"line":92,"column":12},"end":{"line":94,"column":13}}],"line":92},"20":{"loc":{"start":{"line":96,"column":12},"end":{"line":98,"column":13}},"type":"if","locations":[{"start":{"line":96,"column":12},"end":{"line":98,"column":13}},{"start":{"line":96,"column":12},"end":{"line":98,"column":13}}],"line":96},"21":{"loc":{"start":{"line":96,"column":16},"end":{"line":96,"column":50}},"type":"binary-expr","locations":[{"start":{"line":96,"column":16},"end":{"line":96,"column":32}},{"start":{"line":96,"column":36},"end":{"line":96,"column":50}}],"line":96},"22":{"loc":{"start":{"line":125,"column":8},"end":{"line":127,"column":9}},"type":"if","locations":[{"start":{"line":125,"column":8},"end":{"line":127,"column":9}},{"start":{"line":125,"column":8},"end":{"line":127,"column":9}}],"line":125},"23":{"loc":{"start":{"line":136,"column":11},"end":{"line":136,"column":106}},"type":"binary-expr","locations":[{"start":{"line":136,"column":11},"end":{"line":136,"column":15}},{"start":{"line":136,"column":20},"end":{"line":136,"column":31}},{"start":{"line":136,"column":35},"end":{"line":136,"column":46}},{"start":{"line":136,"column":50},"end":{"line":136,"column":62}},{"start":{"line":136,"column":66},"end":{"line":136,"column":75}},{"start":{"line":136,"column":79},"end":{"line":136,"column":93}},{"start":{"line":136,"column":98},"end":{"line":136,"column":106}}],"line":136}},"s":{"0":1,"1":1,"2":1,"3":2,"4":2,"5":2,"6":2,"7":2,"8":2,"9":2,"10":2,"11":0,"12":2,"13":1,"14":2,"15":1,"16":2,"17":0,"18":2,"19":1,"20":2,"21":2,"22":2,"23":2,"24":2,"25":2,"26":2,"27":2,"28":2,"29":3,"30":3,"31":3,"32":0,"33":3,"34":3,"35":0,"36":3,"37":0,"38":3,"39":2,"40":2,"41":2,"42":3,"43":3,"44":2,"45":0,"46":0,"47":0,"48":0,"49":0,"50":0,"51":0,"52":0,"53":0,"54":0,"55":0,"56":0,"57":9,"58":0,"59":3,"60":3,"61":3,"62":3,"63":3,"64":3,"65":3,"66":3,"67":0,"68":3,"69":0,"70":0,"71":3,"72":1,"73":8,"74":0,"75":1,"76":1,"77":1,"78":0,"79":1,"80":1,"81":1,"82":1,"83":1,"84":2},"f":{"0":2,"1":3,"2":3,"3":0,"4":0,"5":9,"6":0,"7":3,"8":3,"9":0,"10":3,"11":1,"12":8,"13":0,"14":1,"15":1,"16":2},"b":{"0":[2,0],"1":[0,2],"2":[1,1],"3":[1,1],"4":[2,1],"5":[1,1],"6":[2,1],"7":[2,2],"8":[3,3,0],"9":[0,3],"10":[0,3],"11":[0,3],"12":[3,1],"13":[3,0],"14":[0],"15":[0],"16":[0,0],"17":[0],"18":[3,0],"19":[3,0],"20":[0,3],"21":[3,3],"22":[0,1],"23":[2,2,1,0,0,0,2]},"_coverageSchema":"332fd63041d2c1bcb487cc26dd0d5f7d97098a6c","hash":"dc629b0872220a7b1e1df06f3370a026f17b2241","contentHash":"eb69d89a9b5d49ffa8bccba0f442f4c0_11.0.3"},"/Users/juancazala/code/synaptic-engine/dist/src/backends/index.js":{"path":"/Users/juancazala/code/synaptic-engine/dist/src/backends/index.js","statementMap":{"0":{"start":{"line":2,"column":0},"end":{"line":2,"column":62}},"1":{"start":{"line":3,"column":14},"end":{"line":3,"column":30}},"2":{"start":{"line":4,"column":15},"end":{"line":4,"column":32}},"3":{"start":{"line":5,"column":16},"end":{"line":5,"column":36}},"4":{"start":{"line":6,"column":0},"end":{"line":6,"column":36}},"5":{"start":{"line":7,"column":0},"end":{"line":10,"column":2}}},"fnMap":{},"branchMap":{},"s":{"0":1,"1":1,"2":1,"3":1,"4":1,"5":1},"f":{},"b":{},"_coverageSchema":"332fd63041d2c1bcb487cc26dd0d5f7d97098a6c","hash":"003d47317355398777e0dd963c2b901e549a5513","contentHash":"684e9866021a721586089ea930dd68b0_11.0.3"},"/Users/juancazala/code/synaptic-engine/dist/src/backends/ASM.js":{"path":"/Users/juancazala/code/synaptic-engine/dist/src/backends/ASM.js","statementMap":{"0":{"start":{"line":2,"column":0},"end":{"line":2,"column":62}},"1":{"start":{"line":3,"column":18},"end":{"line":3,"column":38}},"2":{"start":{"line":4,"column":15},"end":{"line":4,"column":40}},"3":{"start":{"line":5,"column":19},"end":{"line":5,"column":38}},"4":{"start":{"line":8,"column":20},"end":{"line":8,"column":42}},"5":{"start":{"line":9,"column":23},"end":{"line":9,"column":39}},"6":{"start":{"line":10,"column":8},"end":{"line":11,"column":32}},"7":{"start":{"line":11,"column":12},"end":{"line":11,"column":32}},"8":{"start":{"line":13,"column":8},"end":{"line":19,"column":9}},"9":{"start":{"line":14,"column":12},"end":{"line":14,"column":74}},"10":{"start":{"line":17,"column":12},"end":{"line":17,"column":32}},"11":{"start":{"line":18,"column":12},"end":{"line":18,"column":20}},"12":{"start":{"line":20,"column":24},"end":{"line":20,"column":26}},"13":{"start":{"line":21,"column":23},"end":{"line":21,"column":54}},"14":{"start":{"line":22,"column":26},"end":{"line":22,"column":57}},"15":{"start":{"line":23,"column":8},"end":{"line":28,"column":9}},"16":{"start":{"line":24,"column":26},"end":{"line":24,"column":40}},"17":{"start":{"line":25,"column":12},"end":{"line":27,"column":13}},"18":{"start":{"line":26,"column":16},"end":{"line":26,"column":73}},"19":{"start":{"line":29,"column":8},"end":{"line":29,"column":76}},"20":{"start":{"line":30,"column":8},"end":{"line":38,"column":10}},"21":{"start":{"line":31,"column":30},"end":{"line":31,"column":56}},"22":{"start":{"line":32,"column":12},"end":{"line":32,"column":75}},"23":{"start":{"line":33,"column":12},"end":{"line":33,"column":50}},"24":{"start":{"line":34,"column":12},"end":{"line":34,"column":38}},"25":{"start":{"line":35,"column":31},"end":{"line":35,"column":63}},"26":{"start":{"line":36,"column":12},"end":{"line":36,"column":51}},"27":{"start":{"line":37,"column":12},"end":{"line":37,"column":30}},"28":{"start":{"line":39,"column":8},"end":{"line":45,"column":10}},"29":{"start":{"line":40,"column":30},"end":{"line":40,"column":56}},"30":{"start":{"line":41,"column":12},"end":{"line":41,"column":76}},"31":{"start":{"line":42,"column":12},"end":{"line":42,"column":52}},"32":{"start":{"line":43,"column":12},"end":{"line":43,"column":39}},"33":{"start":{"line":44,"column":12},"end":{"line":44,"column":51}},"34":{"start":{"line":46,"column":8},"end":{"line":46,"column":26}},"35":{"start":{"line":49,"column":0},"end":{"line":49,"column":22}}},"fnMap":{"0":{"name":"(anonymous_0)","decl":{"start":{"line":7,"column":4},"end":{"line":7,"column":5}},"loc":{"start":{"line":7,"column":18},"end":{"line":47,"column":5}},"line":7},"1":{"name":"(anonymous_1)","decl":{"start":{"line":30,"column":24},"end":{"line":30,"column":25}},"loc":{"start":{"line":30,"column":42},"end":{"line":38,"column":9}},"line":30},"2":{"name":"(anonymous_2)","decl":{"start":{"line":39,"column":25},"end":{"line":39,"column":26}},"loc":{"start":{"line":39,"column":44},"end":{"line":45,"column":9}},"line":39}},"branchMap":{"0":{"loc":{"start":{"line":10,"column":8},"end":{"line":11,"column":32}},"type":"if","locations":[{"start":{"line":10,"column":8},"end":{"line":11,"column":32}},{"start":{"line":10,"column":8},"end":{"line":11,"column":32}}],"line":10},"1":{"loc":{"start":{"line":25,"column":12},"end":{"line":27,"column":13}},"type":"if","locations":[{"start":{"line":25,"column":12},"end":{"line":27,"column":13}},{"start":{"line":25,"column":12},"end":{"line":27,"column":13}}],"line":25},"2":{"loc":{"start":{"line":25,"column":16},"end":{"line":25,"column":54}},"type":"binary-expr","locations":[{"start":{"line":25,"column":16},"end":{"line":25,"column":30}},{"start":{"line":25,"column":34},"end":{"line":25,"column":54}}],"line":25}},"s":{"0":1,"1":1,"2":1,"3":1,"4":1,"5":1,"6":1,"7":0,"8":1,"9":1,"10":0,"11":0,"12":1,"13":1,"14":1,"15":1,"16":8192,"17":8192,"18":0,"19":1,"20":1,"21":2464,"22":2464,"23":2464,"24":2464,"25":2464,"26":2464,"27":2464,"28":1,"29":2456,"30":2456,"31":2456,"32":2456,"33":2456,"34":1,"35":1},"f":{"0":1,"1":2464,"2":2456},"b":{"0":[0,1],"1":[0,8192],"2":[8192,8192]},"_coverageSchema":"332fd63041d2c1bcb487cc26dd0d5f7d97098a6c","hash":"fcacaa026e6991339371dcb6ff6b23db8c2280ce","contentHash":"3f58eff3275bde8ce71b776a8c7280a0_11.0.3"},"/Users/juancazala/code/synaptic-engine/dist/src/backends/Backend.js":{"path":"/Users/juancazala/code/synaptic-engine/dist/src/backends/Backend.js","statementMap":{"0":{"start":{"line":2,"column":0},"end":{"line":2,"column":62}},"1":{"start":{"line":3,"column":19},"end":{"line":3,"column":38}},"2":{"start":{"line":4,"column":15},"end":{"line":4,"column":39}},"3":{"start":{"line":6,"column":20},"end":{"line":6,"column":89}},"4":{"start":{"line":6,"column":61},"end":{"line":6,"column":88}},"5":{"start":{"line":7,"column":4},"end":{"line":7,"column":42}},"6":{"start":{"line":8,"column":4},"end":{"line":13,"column":7}},"7":{"start":{"line":9,"column":20},"end":{"line":11,"column":89}},"8":{"start":{"line":12,"column":8},"end":{"line":12,"column":64}},"9":{"start":{"line":15,"column":0},"end":{"line":15,"column":36}},"10":{"start":{"line":17,"column":20},"end":{"line":17,"column":89}},"11":{"start":{"line":17,"column":61},"end":{"line":17,"column":88}},"12":{"start":{"line":18,"column":14},"end":{"line":18,"column":15}},"13":{"start":{"line":19,"column":4},"end":{"line":21,"column":7}},"14":{"start":{"line":20,"column":8},"end":{"line":20,"column":48}},"15":{"start":{"line":22,"column":4},"end":{"line":22,"column":82}},"16":{"start":{"line":24,"column":0},"end":{"line":24,"column":44}},"17":{"start":{"line":27,"column":8},"end":{"line":27,"column":33}},"18":{"start":{"line":28,"column":8},"end":{"line":28,"column":27}},"19":{"start":{"line":31,"column":8},"end":{"line":31,"column":55}},"20":{"start":{"line":34,"column":8},"end":{"line":34,"column":56}},"21":{"start":{"line":37,"column":8},"end":{"line":39,"column":9}},"22":{"start":{"line":38,"column":12},"end":{"line":38,"column":40}},"23":{"start":{"line":40,"column":24},"end":{"line":40,"column":44}},"24":{"start":{"line":41,"column":20},"end":{"line":41,"column":28}},"25":{"start":{"line":42,"column":25},"end":{"line":42,"column":26}},"26":{"start":{"line":43,"column":8},"end":{"line":43,"column":50}},"27":{"start":{"line":44,"column":8},"end":{"line":44,"column":69}},"28":{"start":{"line":45,"column":30},"end":{"line":45,"column":34}},"29":{"start":{"line":46,"column":8},"end":{"line":75,"column":9}},"30":{"start":{"line":47,"column":12},"end":{"line":47,"column":22}},"31":{"start":{"line":48,"column":27},"end":{"line":48,"column":29}},"32":{"start":{"line":49,"column":12},"end":{"line":57,"column":13}},"33":{"start":{"line":50,"column":42},"end":{"line":50,"column":56}},"34":{"start":{"line":51,"column":16},"end":{"line":51,"column":61}},"35":{"start":{"line":52,"column":35},"end":{"line":52,"column":85}},"36":{"start":{"line":53,"column":16},"end":{"line":53,"column":45}},"37":{"start":{"line":54,"column":16},"end":{"line":54,"column":44}},"38":{"start":{"line":55,"column":16},"end":{"line":55,"column":38}},"39":{"start":{"line":56,"column":16},"end":{"line":56,"column":82}},"40":{"start":{"line":58,"column":12},"end":{"line":58,"column":36}},"41":{"start":{"line":59,"column":12},"end":{"line":59,"column":25}},"42":{"start":{"line":60,"column":12},"end":{"line":74,"column":13}},"43":{"start":{"line":61,"column":38},"end":{"line":66,"column":17}},"44":{"start":{"line":67,"column":16},"end":{"line":73,"column":49}},"45":{"start":{"line":68,"column":20},"end":{"line":70,"column":21}},"46":{"start":{"line":69,"column":24},"end":{"line":69,"column":53}},"47":{"start":{"line":73,"column":20},"end":{"line":73,"column":49}},"48":{"start":{"line":76,"column":8},"end":{"line":76,"column":65}},"49":{"start":{"line":77,"column":8},"end":{"line":82,"column":10}},"50":{"start":{"line":85,"column":8},"end":{"line":85,"column":26}},"51":{"start":{"line":88,"column":0},"end":{"line":88,"column":26}},"52":{"start":{"line":90,"column":4},"end":{"line":118,"column":5}},"53":{"start":{"line":92,"column":12},"end":{"line":92,"column":42}},"54":{"start":{"line":94,"column":23},"end":{"line":94,"column":34}},"55":{"start":{"line":95,"column":23},"end":{"line":95,"column":29}},"56":{"start":{"line":96,"column":12},"end":{"line":96,"column":41}},"57":{"start":{"line":98,"column":12},"end":{"line":98,"column":33}},"58":{"start":{"line":100,"column":12},"end":{"line":100,"column":39}},"59":{"start":{"line":102,"column":24},"end":{"line":102,"column":29}},"60":{"start":{"line":103,"column":12},"end":{"line":103,"column":34}},"61":{"start":{"line":105,"column":12},"end":{"line":105,"column":45}},"62":{"start":{"line":107,"column":12},"end":{"line":107,"column":41}},"63":{"start":{"line":109,"column":12},"end":{"line":109,"column":31}},"64":{"start":{"line":111,"column":12},"end":{"line":111,"column":21}},"65":{"start":{"line":113,"column":12},"end":{"line":113,"column":25}},"66":{"start":{"line":115,"column":12},"end":{"line":115,"column":33}},"67":{"start":{"line":117,"column":12},"end":{"line":117,"column":21}},"68":{"start":{"line":120,"column":0},"end":{"line":120,"column":48}},"69":{"start":{"line":122,"column":4},"end":{"line":147,"column":5}},"70":{"start":{"line":124,"column":12},"end":{"line":124,"column":33}},"71":{"start":{"line":126,"column":12},"end":{"line":126,"column":33}},"72":{"start":{"line":128,"column":12},"end":{"line":128,"column":21}},"73":{"start":{"line":130,"column":12},"end":{"line":130,"column":31}},"74":{"start":{"line":133,"column":12},"end":{"line":133,"column":33}},"75":{"start":{"line":135,"column":12},"end":{"line":135,"column":42}},"76":{"start":{"line":137,"column":24},"end":{"line":137,"column":39}},"77":{"start":{"line":138,"column":12},"end":{"line":138,"column":35}},"78":{"start":{"line":140,"column":12},"end":{"line":140,"column":22}},"79":{"start":{"line":142,"column":12},"end":{"line":142,"column":34}},"80":{"start":{"line":144,"column":12},"end":{"line":144,"column":21}},"81":{"start":{"line":146,"column":12},"end":{"line":146,"column":21}},"82":{"start":{"line":149,"column":0},"end":{"line":149,"column":68}}},"fnMap":{"0":{"name":"logDimension","decl":{"start":{"line":5,"column":9},"end":{"line":5,"column":21}},"loc":{"start":{"line":5,"column":43},"end":{"line":14,"column":1}},"line":5},"1":{"name":"(anonymous_1)","decl":{"start":{"line":6,"column":56},"end":{"line":6,"column":57}},"loc":{"start":{"line":6,"column":61},"end":{"line":6,"column":88}},"line":6},"2":{"name":"(anonymous_2)","decl":{"start":{"line":8,"column":18},"end":{"line":8,"column":19}},"loc":{"start":{"line":8,"column":23},"end":{"line":13,"column":5}},"line":8},"3":{"name":"logDimensionMean","decl":{"start":{"line":16,"column":9},"end":{"line":16,"column":25}},"loc":{"start":{"line":16,"column":47},"end":{"line":23,"column":1}},"line":16},"4":{"name":"(anonymous_4)","decl":{"start":{"line":17,"column":56},"end":{"line":17,"column":57}},"loc":{"start":{"line":17,"column":61},"end":{"line":17,"column":88}},"line":17},"5":{"name":"(anonymous_5)","decl":{"start":{"line":19,"column":18},"end":{"line":19,"column":19}},"loc":{"start":{"line":19,"column":23},"end":{"line":21,"column":5}},"line":19},"6":{"name":"(anonymous_6)","decl":{"start":{"line":26,"column":4},"end":{"line":26,"column":5}},"loc":{"start":{"line":26,"column":53},"end":{"line":29,"column":5}},"line":26},"7":{"name":"(anonymous_7)","decl":{"start":{"line":30,"column":4},"end":{"line":30,"column":5}},"loc":{"start":{"line":30,"column":27},"end":{"line":32,"column":5}},"line":30},"8":{"name":"(anonymous_8)","decl":{"start":{"line":33,"column":4},"end":{"line":33,"column":5}},"loc":{"start":{"line":33,"column":29},"end":{"line":35,"column":5}},"line":33},"9":{"name":"(anonymous_9)","decl":{"start":{"line":36,"column":4},"end":{"line":36,"column":5}},"loc":{"start":{"line":36,"column":104},"end":{"line":83,"column":5}},"line":36},"10":{"name":"(anonymous_10)","decl":{"start":{"line":84,"column":4},"end":{"line":84,"column":5}},"loc":{"start":{"line":84,"column":18},"end":{"line":86,"column":5}},"line":84},"11":{"name":"activationFunction","decl":{"start":{"line":89,"column":9},"end":{"line":89,"column":27}},"loc":{"start":{"line":89,"column":37},"end":{"line":119,"column":1}},"line":89},"12":{"name":"activationFunctionDerivative","decl":{"start":{"line":121,"column":9},"end":{"line":121,"column":37}},"loc":{"start":{"line":121,"column":51},"end":{"line":148,"column":1}},"line":121}},"branchMap":{"0":{"loc":{"start":{"line":9,"column":20},"end":{"line":11,"column":89}},"type":"cond-expr","locations":[{"start":{"line":10,"column":14},"end":{"line":10,"column":46}},{"start":{"line":11,"column":14},"end":{"line":11,"column":89}}],"line":9},"1":{"loc":{"start":{"line":26,"column":16},"end":{"line":26,"column":51}},"type":"default-arg","locations":[{"start":{"line":26,"column":27},"end":{"line":26,"column":51}}],"line":26},"2":{"loc":{"start":{"line":37,"column":8},"end":{"line":39,"column":9}},"type":"if","locations":[{"start":{"line":37,"column":8},"end":{"line":39,"column":9}},{"start":{"line":37,"column":8},"end":{"line":39,"column":9}}],"line":37},"3":{"loc":{"start":{"line":46,"column":15},"end":{"line":46,"column":61}},"type":"binary-expr","locations":[{"start":{"line":46,"column":15},"end":{"line":46,"column":31}},{"start":{"line":46,"column":35},"end":{"line":46,"column":61}}],"line":46},"4":{"loc":{"start":{"line":56,"column":16},"end":{"line":56,"column":81}},"type":"binary-expr","locations":[{"start":{"line":56,"column":16},"end":{"line":56,"column":21}},{"start":{"line":56,"column":25},"end":{"line":56,"column":81}}],"line":56},"5":{"loc":{"start":{"line":60,"column":12},"end":{"line":74,"column":13}},"type":"if","locations":[{"start":{"line":60,"column":12},"end":{"line":74,"column":13}},{"start":{"line":60,"column":12},"end":{"line":74,"column":13}}],"line":60},"6":{"loc":{"start":{"line":67,"column":16},"end":{"line":73,"column":49}},"type":"if","locations":[{"start":{"line":67,"column":16},"end":{"line":73,"column":49}},{"start":{"line":67,"column":16},"end":{"line":73,"column":49}}],"line":67},"7":{"loc":{"start":{"line":67,"column":20},"end":{"line":67,"column":44}},"type":"binary-expr","locations":[{"start":{"line":67,"column":20},"end":{"line":67,"column":28}},{"start":{"line":67,"column":32},"end":{"line":67,"column":44}}],"line":67},"8":{"loc":{"start":{"line":68,"column":20},"end":{"line":70,"column":21}},"type":"if","locations":[{"start":{"line":68,"column":20},"end":{"line":70,"column":21}},{"start":{"line":68,"column":20},"end":{"line":70,"column":21}}],"line":68},"9":{"loc":{"start":{"line":90,"column":4},"end":{"line":118,"column":5}},"type":"switch","locations":[{"start":{"line":91,"column":8},"end":{"line":92,"column":42}},{"start":{"line":93,"column":8},"end":{"line":96,"column":41}},{"start":{"line":97,"column":8},"end":{"line":98,"column":33}},{"start":{"line":99,"column":8},"end":{"line":100,"column":39}},{"start":{"line":101,"column":8},"end":{"line":103,"column":34}},{"start":{"line":104,"column":8},"end":{"line":105,"column":45}},{"start":{"line":106,"column":8},"end":{"line":107,"column":41}},{"start":{"line":108,"column":8},"end":{"line":109,"column":31}},{"start":{"line":110,"column":8},"end":{"line":111,"column":21}},{"start":{"line":112,"column":8},"end":{"line":113,"column":25}},{"start":{"line":114,"column":8},"end":{"line":115,"column":33}},{"start":{"line":116,"column":8},"end":{"line":117,"column":21}}],"line":90},"10":{"loc":{"start":{"line":98,"column":19},"end":{"line":98,"column":32}},"type":"cond-expr","locations":[{"start":{"line":98,"column":27},"end":{"line":98,"column":28}},{"start":{"line":98,"column":31},"end":{"line":98,"column":32}}],"line":98},"11":{"loc":{"start":{"line":100,"column":24},"end":{"line":100,"column":37}},"type":"cond-expr","locations":[{"start":{"line":100,"column":32},"end":{"line":100,"column":33}},{"start":{"line":100,"column":36},"end":{"line":100,"column":37}}],"line":100},"12":{"loc":{"start":{"line":115,"column":19},"end":{"line":115,"column":32}},"type":"cond-expr","locations":[{"start":{"line":115,"column":27},"end":{"line":115,"column":28}},{"start":{"line":115,"column":31},"end":{"line":115,"column":32}}],"line":115},"13":{"loc":{"start":{"line":122,"column":4},"end":{"line":147,"column":5}},"type":"switch","locations":[{"start":{"line":123,"column":8},"end":{"line":124,"column":33}},{"start":{"line":125,"column":8},"end":{"line":126,"column":33}},{"start":{"line":127,"column":8},"end":{"line":128,"column":21}},{"start":{"line":129,"column":8},"end":{"line":130,"column":31}},{"start":{"line":131,"column":8},"end":{"line":131,"column":65}},{"start":{"line":132,"column":8},"end":{"line":133,"column":33}},{"start":{"line":134,"column":8},"end":{"line":135,"column":42}},{"start":{"line":136,"column":8},"end":{"line":138,"column":35}},{"start":{"line":139,"column":8},"end":{"line":140,"column":22}},{"start":{"line":141,"column":8},"end":{"line":142,"column":34}},{"start":{"line":143,"column":8},"end":{"line":144,"column":21}},{"start":{"line":145,"column":8},"end":{"line":146,"column":21}}],"line":122},"14":{"loc":{"start":{"line":133,"column":19},"end":{"line":133,"column":32}},"type":"cond-expr","locations":[{"start":{"line":133,"column":27},"end":{"line":133,"column":28}},{"start":{"line":133,"column":31},"end":{"line":133,"column":32}}],"line":133}},"s":{"0":1,"1":1,"2":1,"3":0,"4":0,"5":0,"6":0,"7":0,"8":0,"9":1,"10":2,"11":188,"12":2,"13":2,"14":24,"15":2,"16":1,"17":3,"18":3,"19":0,"20":0,"21":1,"22":0,"23":1,"24":1,"25":1,"26":1,"27":1,"28":1,"29":1,"30":614,"31":614,"32":614,"33":2456,"34":2456,"35":2456,"36":2456,"37":2456,"38":2456,"39":2456,"40":614,"41":614,"42":614,"43":0,"44":0,"45":0,"46":0,"47":0,"48":1,"49":1,"50":0,"51":1,"52":0,"53":0,"54":0,"55":0,"56":0,"57":0,"58":0,"59":0,"60":0,"61":0,"62":0,"63":0,"64":0,"65":0,"66":0,"67":0,"68":1,"69":0,"70":0,"71":0,"72":0,"73":0,"74":0,"75":0,"76":0,"77":0,"78":0,"79":0,"80":0,"81":0,"82":1},"f":{"0":0,"1":0,"2":0,"3":2,"4":188,"5":24,"6":3,"7":0,"8":0,"9":1,"10":0,"11":0,"12":0},"b":{"0":[0,0],"1":[0],"2":[0,1],"3":[615,614],"4":[2456,0],"5":[0,614],"6":[0,0],"7":[0,0],"8":[0,0],"9":[0,0,0,0,0,0,0,0,0,0,0,0],"10":[0,0],"11":[0,0],"12":[0,0],"13":[0,0,0,0,0,0,0,0,0,0,0,0],"14":[0,0]},"_coverageSchema":"332fd63041d2c1bcb487cc26dd0d5f7d97098a6c","hash":"c15a6cd27a1d6044538c54ca279aafbcbf51da31","contentHash":"b2b8f9c55cf98623f75377de6efb1c61_11.0.3"},"/Users/juancazala/code/synaptic-engine/dist/src/utils/cost.js":{"path":"/Users/juancazala/code/synaptic-engine/dist/src/utils/cost.js","statementMap":{"0":{"start":{"line":2,"column":0},"end":{"line":2,"column":62}},"1":{"start":{"line":4,"column":0},"end":{"line":13,"column":62}},"2":{"start":{"line":5,"column":4},"end":{"line":5,"column":72}},"3":{"start":{"line":6,"column":4},"end":{"line":6,"column":64}},"4":{"start":{"line":7,"column":4},"end":{"line":7,"column":50}},"5":{"start":{"line":8,"column":4},"end":{"line":8,"column":48}},"6":{"start":{"line":9,"column":4},"end":{"line":9,"column":80}},"7":{"start":{"line":10,"column":4},"end":{"line":10,"column":76}},"8":{"start":{"line":11,"column":4},"end":{"line":11,"column":98}},"9":{"start":{"line":12,"column":4},"end":{"line":12,"column":52}},"10":{"start":{"line":15,"column":15},"end":{"line":15,"column":16}},"11":{"start":{"line":16,"column":4},"end":{"line":79,"column":5}},"12":{"start":{"line":18,"column":12},"end":{"line":20,"column":13}},"13":{"start":{"line":19,"column":16},"end":{"line":19,"column":63}},"14":{"start":{"line":21,"column":12},"end":{"line":21,"column":21}},"15":{"start":{"line":23,"column":12},"end":{"line":32,"column":13}},"16":{"start":{"line":24,"column":16},"end":{"line":31,"column":17}},"17":{"start":{"line":25,"column":20},"end":{"line":30,"column":21}},"18":{"start":{"line":26,"column":24},"end":{"line":26,"column":64}},"19":{"start":{"line":29,"column":24},"end":{"line":29,"column":48}},"20":{"start":{"line":33,"column":12},"end":{"line":33,"column":31}},"21":{"start":{"line":35,"column":12},"end":{"line":37,"column":13}},"22":{"start":{"line":36,"column":16},"end":{"line":36,"column":87}},"23":{"start":{"line":38,"column":12},"end":{"line":38,"column":40}},"24":{"start":{"line":40,"column":12},"end":{"line":42,"column":13}},"25":{"start":{"line":41,"column":16},"end":{"line":41,"column":100}},"26":{"start":{"line":43,"column":12},"end":{"line":43,"column":21}},"27":{"start":{"line":45,"column":12},"end":{"line":47,"column":13}},"28":{"start":{"line":46,"column":16},"end":{"line":46,"column":59}},"29":{"start":{"line":48,"column":12},"end":{"line":48,"column":37}},"30":{"start":{"line":50,"column":12},"end":{"line":52,"column":13}},"31":{"start":{"line":51,"column":16},"end":{"line":51,"column":56}},"32":{"start":{"line":53,"column":12},"end":{"line":53,"column":40}},"33":{"start":{"line":55,"column":12},"end":{"line":72,"column":13}},"34":{"start":{"line":56,"column":16},"end":{"line":63,"column":17}},"35":{"start":{"line":57,"column":20},"end":{"line":62,"column":21}},"36":{"start":{"line":58,"column":24},"end":{"line":58,"column":64}},"37":{"start":{"line":61,"column":24},"end":{"line":61,"column":48}},"38":{"start":{"line":64,"column":16},"end":{"line":71,"column":17}},"39":{"start":{"line":65,"column":20},"end":{"line":70,"column":21}},"40":{"start":{"line":66,"column":24},"end":{"line":66,"column":74}},"41":{"start":{"line":69,"column":24},"end":{"line":69,"column":54}},"42":{"start":{"line":73,"column":12},"end":{"line":73,"column":21}},"43":{"start":{"line":75,"column":12},"end":{"line":77,"column":13}},"44":{"start":{"line":76,"column":16},"end":{"line":76,"column":87}},"45":{"start":{"line":78,"column":12},"end":{"line":78,"column":21}},"46":{"start":{"line":81,"column":0},"end":{"line":81,"column":20}}},"fnMap":{"0":{"name":"(anonymous_0)","decl":{"start":{"line":4,"column":1},"end":{"line":4,"column":2}},"loc":{"start":{"line":4,"column":22},"end":{"line":13,"column":1}},"line":4},"1":{"name":"cost","decl":{"start":{"line":14,"column":9},"end":{"line":14,"column":13}},"loc":{"start":{"line":14,"column":43},"end":{"line":80,"column":1}},"line":14}},"branchMap":{"0":{"loc":{"start":{"line":13,"column":15},"end":{"line":13,"column":60}},"type":"binary-expr","locations":[{"start":{"line":13,"column":15},"end":{"line":13,"column":32}},{"start":{"line":13,"column":37},"end":{"line":13,"column":59}}],"line":13},"1":{"loc":{"start":{"line":16,"column":4},"end":{"line":79,"column":5}},"type":"switch","locations":[{"start":{"line":17,"column":8},"end":{"line":21,"column":21}},{"start":{"line":22,"column":8},"end":{"line":33,"column":31}},{"start":{"line":34,"column":8},"end":{"line":38,"column":40}},{"start":{"line":39,"column":8},"end":{"line":43,"column":21}},{"start":{"line":44,"column":8},"end":{"line":48,"column":37}},{"start":{"line":49,"column":8},"end":{"line":53,"column":40}},{"start":{"line":54,"column":8},"end":{"line":73,"column":21}},{"start":{"line":74,"column":8},"end":{"line":78,"column":21}}],"line":16},"2":{"loc":{"start":{"line":24,"column":16},"end":{"line":31,"column":17}},"type":"if","locations":[{"start":{"line":24,"column":16},"end":{"line":31,"column":17}},{"start":{"line":24,"column":16},"end":{"line":31,"column":17}}],"line":24},"3":{"loc":{"start":{"line":25,"column":20},"end":{"line":30,"column":21}},"type":"if","locations":[{"start":{"line":25,"column":20},"end":{"line":30,"column":21}},{"start":{"line":25,"column":20},"end":{"line":30,"column":21}}],"line":25},"4":{"loc":{"start":{"line":56,"column":16},"end":{"line":63,"column":17}},"type":"if","locations":[{"start":{"line":56,"column":16},"end":{"line":63,"column":17}},{"start":{"line":56,"column":16},"end":{"line":63,"column":17}}],"line":56},"5":{"loc":{"start":{"line":57,"column":20},"end":{"line":62,"column":21}},"type":"if","locations":[{"start":{"line":57,"column":20},"end":{"line":62,"column":21}},{"start":{"line":57,"column":20},"end":{"line":62,"column":21}}],"line":57},"6":{"loc":{"start":{"line":64,"column":16},"end":{"line":71,"column":17}},"type":"if","locations":[{"start":{"line":64,"column":16},"end":{"line":71,"column":17}},{"start":{"line":64,"column":16},"end":{"line":71,"column":17}}],"line":64},"7":{"loc":{"start":{"line":65,"column":20},"end":{"line":70,"column":21}},"type":"if","locations":[{"start":{"line":65,"column":20},"end":{"line":70,"column":21}},{"start":{"line":65,"column":20},"end":{"line":70,"column":21}}],"line":65},"8":{"loc":{"start":{"line":76,"column":21},"end":{"line":76,"column":86}},"type":"cond-expr","locations":[{"start":{"line":76,"column":81},"end":{"line":76,"column":82}},{"start":{"line":76,"column":85},"end":{"line":76,"column":86}}],"line":76}},"s":{"0":1,"1":1,"2":1,"3":1,"4":1,"5":1,"6":1,"7":1,"8":1,"9":1,"10":2460,"11":2460,"12":0,"13":0,"14":0,"15":0,"16":0,"17":0,"18":0,"19":0,"20":0,"21":0,"22":0,"23":0,"24":0,"25":0,"26":0,"27":2460,"28":2460,"29":2460,"30":0,"31":0,"32":0,"33":0,"34":0,"35":0,"36":0,"37":0,"38":0,"39":0,"40":0,"41":0,"42":0,"43":0,"44":0,"45":0,"46":1},"f":{"0":1,"1":2460},"b":{"0":[1,1],"1":[0,0,0,0,2460,0,0,0],"2":[0,0],"3":[0,0],"4":[0,0],"5":[0,0],"6":[0,0],"7":[0,0],"8":[0,0]},"_coverageSchema":"332fd63041d2c1bcb487cc26dd0d5f7d97098a6c","hash":"d1e7c3d55dffb04319d45bc9cfa66bacacd8d689","contentHash":"07e495bc392cd3a8c35dbe76eb9bb40e_11.0.3"},"/Users/juancazala/code/synaptic-engine/dist/src/emiters/asm.js":{"path":"/Users/juancazala/code/synaptic-engine/dist/src/emiters/asm.js","statementMap":{"0":{"start":{"line":2,"column":0},"end":{"line":2,"column":62}},"1":{"start":{"line":3,"column":18},"end":{"line":3,"column":54}},"2":{"start":{"line":4,"column":19},"end":{"line":4,"column":38}},"3":{"start":{"line":5,"column":0},"end":{"line":5,"column":22}},"4":{"start":{"line":7,"column":4},"end":{"line":8,"column":19}},"5":{"start":{"line":8,"column":8},"end":{"line":8,"column":19}},"6":{"start":{"line":9,"column":4},"end":{"line":9,"column":14}},"7":{"start":{"line":12,"column":4},"end":{"line":13,"column":37}},"8":{"start":{"line":13,"column":8},"end":{"line":13,"column":37}},"9":{"start":{"line":14,"column":4},"end":{"line":14,"column":15}},"10":{"start":{"line":17,"column":4},"end":{"line":88,"column":5}},"11":{"start":{"line":18,"column":8},"end":{"line":30,"column":3}},"12":{"start":{"line":26,"column":25},"end":{"line":26,"column":32}},"13":{"start":{"line":26,"column":43},"end":{"line":26,"column":50}},"14":{"start":{"line":29,"column":30},"end":{"line":29,"column":72}},"15":{"start":{"line":29,"column":85},"end":{"line":29,"column":107}},"16":{"start":{"line":32,"column":9},"end":{"line":88,"column":5}},"17":{"start":{"line":33,"column":24},"end":{"line":33,"column":38}},"18":{"start":{"line":34,"column":24},"end":{"line":34,"column":38}},"19":{"start":{"line":35,"column":29},"end":{"line":35,"column":92}},"20":{"start":{"line":36,"column":8},"end":{"line":43,"column":9}},"21":{"start":{"line":37,"column":12},"end":{"line":42,"column":13}},"22":{"start":{"line":38,"column":16},"end":{"line":38,"column":99}},"23":{"start":{"line":40,"column":17},"end":{"line":42,"column":13}},"24":{"start":{"line":41,"column":16},"end":{"line":41,"column":54}},"25":{"start":{"line":44,"column":8},"end":{"line":55,"column":9}},"26":{"start":{"line":45,"column":12},"end":{"line":45,"column":118}},"27":{"start":{"line":47,"column":13},"end":{"line":55,"column":9}},"28":{"start":{"line":48,"column":12},"end":{"line":48,"column":53}},"29":{"start":{"line":50,"column":13},"end":{"line":55,"column":9}},"30":{"start":{"line":51,"column":12},"end":{"line":51,"column":53}},"31":{"start":{"line":53,"column":13},"end":{"line":55,"column":9}},"32":{"start":{"line":54,"column":12},"end":{"line":54,"column":61}},"33":{"start":{"line":56,"column":8},"end":{"line":56,"column":60}},"34":{"start":{"line":58,"column":9},"end":{"line":88,"column":5}},"35":{"start":{"line":59,"column":8},"end":{"line":62,"column":86}},"36":{"start":{"line":60,"column":12},"end":{"line":60,"column":83}},"37":{"start":{"line":62,"column":12},"end":{"line":62,"column":86}},"38":{"start":{"line":64,"column":9},"end":{"line":88,"column":5}},"39":{"start":{"line":65,"column":8},"end":{"line":68,"column":44}},"40":{"start":{"line":66,"column":12},"end":{"line":66,"column":42}},"41":{"start":{"line":68,"column":12},"end":{"line":68,"column":44}},"42":{"start":{"line":70,"column":9},"end":{"line":88,"column":5}},"43":{"start":{"line":71,"column":8},"end":{"line":71,"column":44}},"44":{"start":{"line":73,"column":9},"end":{"line":88,"column":5}},"45":{"start":{"line":74,"column":8},"end":{"line":74,"column":115}},"46":{"start":{"line":76,"column":9},"end":{"line":88,"column":5}},"47":{"start":{"line":77,"column":8},"end":{"line":77,"column":53}},"48":{"start":{"line":79,"column":9},"end":{"line":88,"column":5}},"49":{"start":{"line":80,"column":8},"end":{"line":82,"column":81}},"50":{"start":{"line":82,"column":46},"end":{"line":82,"column":59}},"51":{"start":{"line":84,"column":9},"end":{"line":88,"column":5}},"52":{"start":{"line":85,"column":8},"end":{"line":87,"column":3}},"53":{"start":{"line":89,"column":4},"end":{"line":89,"column":73}},"54":{"start":{"line":93,"column":4},"end":{"line":94,"column":53}},"55":{"start":{"line":94,"column":8},"end":{"line":94,"column":53}},"56":{"start":{"line":95,"column":4},"end":{"line":95,"column":37}},"57":{"start":{"line":97,"column":0},"end":{"line":97,"column":20}},"58":{"start":{"line":98,"column":0},"end":{"line":98,"column":23}}},"fnMap":{"0":{"name":"onlyWhenDebugging","decl":{"start":{"line":6,"column":9},"end":{"line":6,"column":26}},"loc":{"start":{"line":6,"column":32},"end":{"line":10,"column":1}},"line":6},"1":{"name":"indent","decl":{"start":{"line":11,"column":9},"end":{"line":11,"column":15}},"loc":{"start":{"line":11,"column":21},"end":{"line":15,"column":1}},"line":11},"2":{"name":"baseEmit","decl":{"start":{"line":16,"column":9},"end":{"line":16,"column":17}},"loc":{"start":{"line":16,"column":24},"end":{"line":90,"column":1}},"line":16},"3":{"name":"(anonymous_3)","decl":{"start":{"line":26,"column":20},"end":{"line":26,"column":21}},"loc":{"start":{"line":26,"column":25},"end":{"line":26,"column":32}},"line":26},"4":{"name":"(anonymous_4)","decl":{"start":{"line":26,"column":38},"end":{"line":26,"column":39}},"loc":{"start":{"line":26,"column":43},"end":{"line":26,"column":50}},"line":26},"5":{"name":"(anonymous_5)","decl":{"start":{"line":29,"column":25},"end":{"line":29,"column":26}},"loc":{"start":{"line":29,"column":30},"end":{"line":29,"column":72}},"line":29},"6":{"name":"(anonymous_6)","decl":{"start":{"line":29,"column":78},"end":{"line":29,"column":79}},"loc":{"start":{"line":29,"column":85},"end":{"line":29,"column":107}},"line":29},"7":{"name":"(anonymous_7)","decl":{"start":{"line":82,"column":41},"end":{"line":82,"column":42}},"loc":{"start":{"line":82,"column":46},"end":{"line":82,"column":59}},"line":82},"8":{"name":"emit","decl":{"start":{"line":92,"column":9},"end":{"line":92,"column":13}},"loc":{"start":{"line":92,"column":20},"end":{"line":96,"column":1}},"line":92}},"branchMap":{"0":{"loc":{"start":{"line":7,"column":4},"end":{"line":8,"column":19}},"type":"if","locations":[{"start":{"line":7,"column":4},"end":{"line":8,"column":19}},{"start":{"line":7,"column":4},"end":{"line":8,"column":19}}],"line":7},"1":{"loc":{"start":{"line":12,"column":4},"end":{"line":13,"column":37}},"type":"if","locations":[{"start":{"line":12,"column":4},"end":{"line":13,"column":37}},{"start":{"line":12,"column":4},"end":{"line":13,"column":37}}],"line":12},"2":{"loc":{"start":{"line":17,"column":4},"end":{"line":88,"column":5}},"type":"if","locations":[{"start":{"line":17,"column":4},"end":{"line":88,"column":5}},{"start":{"line":17,"column":4},"end":{"line":88,"column":5}}],"line":17},"3":{"loc":{"start":{"line":32,"column":9},"end":{"line":88,"column":5}},"type":"if","locations":[{"start":{"line":32,"column":9},"end":{"line":88,"column":5}},{"start":{"line":32,"column":9},"end":{"line":88,"column":5}}],"line":32},"4":{"loc":{"start":{"line":36,"column":8},"end":{"line":43,"column":9}},"type":"if","locations":[{"start":{"line":36,"column":8},"end":{"line":43,"column":9}},{"start":{"line":36,"column":8},"end":{"line":43,"column":9}}],"line":36},"5":{"loc":{"start":{"line":37,"column":12},"end":{"line":42,"column":13}},"type":"if","locations":[{"start":{"line":37,"column":12},"end":{"line":42,"column":13}},{"start":{"line":37,"column":12},"end":{"line":42,"column":13}}],"line":37},"6":{"loc":{"start":{"line":40,"column":17},"end":{"line":42,"column":13}},"type":"if","locations":[{"start":{"line":40,"column":17},"end":{"line":42,"column":13}},{"start":{"line":40,"column":17},"end":{"line":42,"column":13}}],"line":40},"7":{"loc":{"start":{"line":44,"column":8},"end":{"line":55,"column":9}},"type":"if","locations":[{"start":{"line":44,"column":8},"end":{"line":55,"column":9}},{"start":{"line":44,"column":8},"end":{"line":55,"column":9}}],"line":44},"8":{"loc":{"start":{"line":44,"column":12},"end":{"line":44,"column":91}},"type":"binary-expr","locations":[{"start":{"line":44,"column":12},"end":{"line":44,"column":38}},{"start":{"line":44,"column":42},"end":{"line":44,"column":66}},{"start":{"line":44,"column":70},"end":{"line":44,"column":91}}],"line":44},"9":{"loc":{"start":{"line":47,"column":13},"end":{"line":55,"column":9}},"type":"if","locations":[{"start":{"line":47,"column":13},"end":{"line":55,"column":9}},{"start":{"line":47,"column":13},"end":{"line":55,"column":9}}],"line":47},"10":{"loc":{"start":{"line":50,"column":13},"end":{"line":55,"column":9}},"type":"if","locations":[{"start":{"line":50,"column":13},"end":{"line":55,"column":9}},{"start":{"line":50,"column":13},"end":{"line":55,"column":9}}],"line":50},"11":{"loc":{"start":{"line":53,"column":13},"end":{"line":55,"column":9}},"type":"if","locations":[{"start":{"line":53,"column":13},"end":{"line":55,"column":9}},{"start":{"line":53,"column":13},"end":{"line":55,"column":9}}],"line":53},"12":{"loc":{"start":{"line":58,"column":9},"end":{"line":88,"column":5}},"type":"if","locations":[{"start":{"line":58,"column":9},"end":{"line":88,"column":5}},{"start":{"line":58,"column":9},"end":{"line":88,"column":5}}],"line":58},"13":{"loc":{"start":{"line":59,"column":8},"end":{"line":62,"column":86}},"type":"if","locations":[{"start":{"line":59,"column":8},"end":{"line":62,"column":86}},{"start":{"line":59,"column":8},"end":{"line":62,"column":86}}],"line":59},"14":{"loc":{"start":{"line":64,"column":9},"end":{"line":88,"column":5}},"type":"if","locations":[{"start":{"line":64,"column":9},"end":{"line":88,"column":5}},{"start":{"line":64,"column":9},"end":{"line":88,"column":5}}],"line":64},"15":{"loc":{"start":{"line":65,"column":8},"end":{"line":68,"column":44}},"type":"if","locations":[{"start":{"line":65,"column":8},"end":{"line":68,"column":44}},{"start":{"line":65,"column":8},"end":{"line":68,"column":44}}],"line":65},"16":{"loc":{"start":{"line":70,"column":9},"end":{"line":88,"column":5}},"type":"if","locations":[{"start":{"line":70,"column":9},"end":{"line":88,"column":5}},{"start":{"line":70,"column":9},"end":{"line":88,"column":5}}],"line":70},"17":{"loc":{"start":{"line":73,"column":9},"end":{"line":88,"column":5}},"type":"if","locations":[{"start":{"line":73,"column":9},"end":{"line":88,"column":5}},{"start":{"line":73,"column":9},"end":{"line":88,"column":5}}],"line":73},"18":{"loc":{"start":{"line":76,"column":9},"end":{"line":88,"column":5}},"type":"if","locations":[{"start":{"line":76,"column":9},"end":{"line":88,"column":5}},{"start":{"line":76,"column":9},"end":{"line":88,"column":5}}],"line":76},"19":{"loc":{"start":{"line":79,"column":9},"end":{"line":88,"column":5}},"type":"if","locations":[{"start":{"line":79,"column":9},"end":{"line":88,"column":5}},{"start":{"line":79,"column":9},"end":{"line":88,"column":5}}],"line":79},"20":{"loc":{"start":{"line":80,"column":43},"end":{"line":80,"column":71}},"type":"binary-expr","locations":[{"start":{"line":80,"column":43},"end":{"line":80,"column":52}},{"start":{"line":80,"column":56},"end":{"line":80,"column":71}}],"line":80},"21":{"loc":{"start":{"line":84,"column":9},"end":{"line":88,"column":5}},"type":"if","locations":[{"start":{"line":84,"column":9},"end":{"line":88,"column":5}},{"start":{"line":84,"column":9},"end":{"line":88,"column":5}}],"line":84},"22":{"loc":{"start":{"line":93,"column":4},"end":{"line":94,"column":53}},"type":"if","locations":[{"start":{"line":93,"column":4},"end":{"line":94,"column":53}},{"start":{"line":93,"column":4},"end":{"line":94,"column":53}}],"line":93}},"s":{"0":1,"1":1,"2":1,"3":1,"4":285,"5":0,"6":285,"7":116,"8":0,"9":116,"10":375,"11":1,"12":2,"13":2,"14":2,"15":2,"16":374,"17":126,"18":126,"19":126,"20":126,"21":62,"22":62,"23":0,"24":0,"25":126,"26":30,"27":96,"28":0,"29":96,"30":0,"31":96,"32":32,"33":64,"34":248,"35":201,"36":0,"37":201,"38":47,"39":0,"40":0,"41":0,"42":47,"43":17,"44":30,"45":0,"46":30,"47":6,"48":24,"49":22,"50":82,"51":2,"52":2,"53":0,"54":375,"55":7,"56":368,"57":1,"58":1},"f":{"0":285,"1":116,"2":375,"3":2,"4":2,"5":2,"6":2,"7":82,"8":375},"b":{"0":[0,285],"1":[0,116],"2":[1,374],"3":[126,248],"4":[62,64],"5":[62,0],"6":[0,0],"7":[30,96],"8":[126,30,30],"9":[0,96],"10":[0,96],"11":[32,64],"12":[201,47],"13":[0,201],"14":[0,47],"15":[0,0],"16":[17,30],"17":[0,30],"18":[6,24],"19":[22,2],"20":[22,2],"21":[2,0],"22":[7,368]},"_coverageSchema":"332fd63041d2c1bcb487cc26dd0d5f7d97098a6c","hash":"4137bdf6bf048826771d432eb699123389d3ed50","contentHash":"9fba1c7ec108eda8c1744d4d074dd5e1_11.0.3"},"/Users/juancazala/code/synaptic-engine/dist/src/backends/WASM.js":{"path":"/Users/juancazala/code/synaptic-engine/dist/src/backends/WASM.js","statementMap":{"0":{"start":{"line":2,"column":0},"end":{"line":2,"column":62}},"1":{"start":{"line":3,"column":18},"end":{"line":3,"column":38}},"2":{"start":{"line":4,"column":15},"end":{"line":4,"column":41}},"3":{"start":{"line":5,"column":19},"end":{"line":5,"column":38}},"4":{"start":{"line":8,"column":8},"end":{"line":8,"column":28}},"5":{"start":{"line":9,"column":8},"end":{"line":9,"column":31}},"6":{"start":{"line":10,"column":8},"end":{"line":10,"column":27}},"7":{"start":{"line":13,"column":8},"end":{"line":15,"column":9}},"8":{"start":{"line":14,"column":12},"end":{"line":14,"column":112}},"9":{"start":{"line":16,"column":20},"end":{"line":16,"column":42}},"10":{"start":{"line":17,"column":8},"end":{"line":17,"column":52}},"11":{"start":{"line":18,"column":28},"end":{"line":18,"column":84}},"12":{"start":{"line":19,"column":8},"end":{"line":22,"column":16}},"13":{"start":{"line":23,"column":8},"end":{"line":23,"column":35}},"14":{"start":{"line":24,"column":8},"end":{"line":24,"column":35}},"15":{"start":{"line":25,"column":8},"end":{"line":28,"column":9}},"16":{"start":{"line":26,"column":12},"end":{"line":26,"column":52}},"17":{"start":{"line":27,"column":12},"end":{"line":27,"column":55}},"18":{"start":{"line":29,"column":8},"end":{"line":29,"column":51}},"19":{"start":{"line":30,"column":25},"end":{"line":36,"column":10}},"20":{"start":{"line":37,"column":29},"end":{"line":37,"column":65}},"21":{"start":{"line":38,"column":8},"end":{"line":41,"column":9}},"22":{"start":{"line":39,"column":12},"end":{"line":39,"column":113}},"23":{"start":{"line":40,"column":12},"end":{"line":40,"column":140}},"24":{"start":{"line":42,"column":24},"end":{"line":42,"column":54}},"25":{"start":{"line":43,"column":8},"end":{"line":44,"column":56}},"26":{"start":{"line":44,"column":12},"end":{"line":44,"column":56}},"27":{"start":{"line":45,"column":8},"end":{"line":45,"column":49}},"28":{"start":{"line":46,"column":8},"end":{"line":46,"column":46}},"29":{"start":{"line":48,"column":22},"end":{"line":48,"column":35}},"30":{"start":{"line":49,"column":28},"end":{"line":49,"column":56}},"31":{"start":{"line":50,"column":28},"end":{"line":50,"column":56}},"32":{"start":{"line":51,"column":12},"end":{"line":51,"column":47}},"33":{"start":{"line":52,"column":12},"end":{"line":52,"column":45}},"34":{"start":{"line":53,"column":12},"end":{"line":54,"column":126}},"35":{"start":{"line":54,"column":16},"end":{"line":54,"column":126}},"36":{"start":{"line":55,"column":12},"end":{"line":55,"column":53}},"37":{"start":{"line":56,"column":12},"end":{"line":56,"column":53}},"38":{"start":{"line":58,"column":8},"end":{"line":66,"column":10}},"39":{"start":{"line":59,"column":30},"end":{"line":59,"column":56}},"40":{"start":{"line":60,"column":12},"end":{"line":60,"column":75}},"41":{"start":{"line":61,"column":12},"end":{"line":61,"column":50}},"42":{"start":{"line":62,"column":12},"end":{"line":62,"column":49}},"43":{"start":{"line":63,"column":31},"end":{"line":63,"column":63}},"44":{"start":{"line":64,"column":12},"end":{"line":64,"column":51}},"45":{"start":{"line":65,"column":12},"end":{"line":65,"column":30}},"46":{"start":{"line":67,"column":8},"end":{"line":73,"column":10}},"47":{"start":{"line":68,"column":30},"end":{"line":68,"column":56}},"48":{"start":{"line":69,"column":12},"end":{"line":69,"column":76}},"49":{"start":{"line":70,"column":12},"end":{"line":70,"column":52}},"50":{"start":{"line":71,"column":12},"end":{"line":71,"column":50}},"51":{"start":{"line":72,"column":12},"end":{"line":72,"column":51}},"52":{"start":{"line":74,"column":8},"end":{"line":74,"column":26}},"53":{"start":{"line":77,"column":0},"end":{"line":77,"column":23}}},"fnMap":{"0":{"name":"(anonymous_0)","decl":{"start":{"line":7,"column":4},"end":{"line":7,"column":5}},"loc":{"start":{"line":7,"column":18},"end":{"line":11,"column":5}},"line":7},"1":{"name":"(anonymous_1)","decl":{"start":{"line":12,"column":4},"end":{"line":12,"column":5}},"loc":{"start":{"line":12,"column":18},"end":{"line":75,"column":5}},"line":12},"2":{"name":"(anonymous_2)","decl":{"start":{"line":58,"column":24},"end":{"line":58,"column":25}},"loc":{"start":{"line":58,"column":42},"end":{"line":66,"column":9}},"line":58},"3":{"name":"(anonymous_3)","decl":{"start":{"line":67,"column":25},"end":{"line":67,"column":26}},"loc":{"start":{"line":67,"column":44},"end":{"line":73,"column":9}},"line":67}},"branchMap":{"0":{"loc":{"start":{"line":13,"column":8},"end":{"line":15,"column":9}},"type":"if","locations":[{"start":{"line":13,"column":8},"end":{"line":15,"column":9}},{"start":{"line":13,"column":8},"end":{"line":15,"column":9}}],"line":13},"1":{"loc":{"start":{"line":25,"column":8},"end":{"line":28,"column":9}},"type":"if","locations":[{"start":{"line":25,"column":8},"end":{"line":28,"column":9}},{"start":{"line":25,"column":8},"end":{"line":28,"column":9}}],"line":25},"2":{"loc":{"start":{"line":38,"column":8},"end":{"line":41,"column":9}},"type":"if","locations":[{"start":{"line":38,"column":8},"end":{"line":41,"column":9}},{"start":{"line":38,"column":8},"end":{"line":41,"column":9}}],"line":38},"3":{"loc":{"start":{"line":53,"column":12},"end":{"line":54,"column":126}},"type":"if","locations":[{"start":{"line":53,"column":12},"end":{"line":54,"column":126}},{"start":{"line":53,"column":12},"end":{"line":54,"column":126}}],"line":53}},"s":{"0":1,"1":1,"2":1,"3":1,"4":0,"5":0,"6":0,"7":0,"8":0,"9":0,"10":0,"11":0,"12":0,"13":0,"14":0,"15":0,"16":0,"17":0,"18":0,"19":0,"20":0,"21":0,"22":0,"23":0,"24":0,"25":0,"26":0,"27":0,"28":0,"29":0,"30":0,"31":0,"32":0,"33":0,"34":0,"35":0,"36":0,"37":0,"38":0,"39":0,"40":0,"41":0,"42":0,"43":0,"44":0,"45":0,"46":0,"47":0,"48":0,"49":0,"50":0,"51":0,"52":0,"53":1},"f":{"0":0,"1":0,"2":0,"3":0},"b":{"0":[0,0],"1":[0,0],"2":[0,0],"3":[0,0]},"_coverageSchema":"332fd63041d2c1bcb487cc26dd0d5f7d97098a6c","hash":"7cb75747e28127f9be3514e99fe3e151031ee90b","contentHash":"52eb59a06cdfb7e416019a4932b788c2_11.0.3"},"/Users/juancazala/code/synaptic-engine/dist/src/emiters/wasm.js":{"path":"/Users/juancazala/code/synaptic-engine/dist/src/emiters/wasm.js","statementMap":{"0":{"start":{"line":2,"column":0},"end":{"line":2,"column":62}},"1":{"start":{"line":3,"column":19},"end":{"line":3,"column":38}},"2":{"start":{"line":4,"column":17},"end":{"line":4,"column":36}},"3":{"start":{"line":5,"column":0},"end":{"line":12,"column":2}},"4":{"start":{"line":13,"column":0},"end":{"line":20,"column":2}},"5":{"start":{"line":22,"column":4},"end":{"line":24,"column":5}},"6":{"start":{"line":23,"column":8},"end":{"line":23,"column":48}},"7":{"start":{"line":25,"column":4},"end":{"line":118,"column":5}},"8":{"start":{"line":26,"column":8},"end":{"line":27,"column":43}},"9":{"start":{"line":27,"column":12},"end":{"line":27,"column":43}},"10":{"start":{"line":28,"column":18},"end":{"line":28,"column":77}},"11":{"start":{"line":29,"column":19},"end":{"line":29,"column":93}},"12":{"start":{"line":30,"column":8},"end":{"line":30,"column":55}},"13":{"start":{"line":31,"column":8},"end":{"line":31,"column":55}},"14":{"start":{"line":32,"column":8},"end":{"line":32,"column":56}},"15":{"start":{"line":33,"column":24},"end":{"line":33,"column":119}},"16":{"start":{"line":33,"column":50},"end":{"line":33,"column":92}},"17":{"start":{"line":33,"column":103},"end":{"line":33,"column":118}},"18":{"start":{"line":34,"column":28},"end":{"line":34,"column":87}},"19":{"start":{"line":35,"column":27},"end":{"line":35,"column":191}},"20":{"start":{"line":36,"column":8},"end":{"line":36,"column":41}},"21":{"start":{"line":37,"column":8},"end":{"line":37,"column":37}},"22":{"start":{"line":38,"column":8},"end":{"line":38,"column":43}},"23":{"start":{"line":39,"column":8},"end":{"line":39,"column":22}},"24":{"start":{"line":41,"column":9},"end":{"line":118,"column":5}},"25":{"start":{"line":42,"column":29},"end":{"line":42,"column":87}},"26":{"start":{"line":43,"column":29},"end":{"line":43,"column":67}},"27":{"start":{"line":44,"column":22},"end":{"line":44,"column":42}},"28":{"start":{"line":45,"column":23},"end":{"line":45,"column":64}},"29":{"start":{"line":46,"column":8},"end":{"line":81,"column":9}},"30":{"start":{"line":47,"column":12},"end":{"line":64,"column":13}},"31":{"start":{"line":48,"column":16},"end":{"line":59,"column":17}},"32":{"start":{"line":49,"column":20},"end":{"line":49,"column":115}},"33":{"start":{"line":52,"column":41},"end":{"line":52,"column":57}},"34":{"start":{"line":53,"column":35},"end":{"line":53,"column":77}},"35":{"start":{"line":54,"column":20},"end":{"line":57,"column":21}},"36":{"start":{"line":55,"column":34},"end":{"line":55,"column":134}},"37":{"start":{"line":56,"column":24},"end":{"line":56,"column":100}},"38":{"start":{"line":58,"column":20},"end":{"line":58,"column":99}},"39":{"start":{"line":62,"column":16},"end":{"line":62,"column":90}},"40":{"start":{"line":63,"column":16},"end":{"line":63,"column":36}},"41":{"start":{"line":66,"column":13},"end":{"line":81,"column":9}},"42":{"start":{"line":67,"column":12},"end":{"line":69,"column":13}},"43":{"start":{"line":68,"column":16},"end":{"line":68,"column":86}},"44":{"start":{"line":70,"column":12},"end":{"line":70,"column":108}},"45":{"start":{"line":72,"column":13},"end":{"line":81,"column":9}},"46":{"start":{"line":73,"column":12},"end":{"line":73,"column":116}},"47":{"start":{"line":75,"column":13},"end":{"line":81,"column":9}},"48":{"start":{"line":76,"column":12},"end":{"line":76,"column":119}},"49":{"start":{"line":79,"column":12},"end":{"line":79,"column":70}},"50":{"start":{"line":80,"column":12},"end":{"line":80,"column":32}},"51":{"start":{"line":83,"column":9},"end":{"line":118,"column":5}},"52":{"start":{"line":84,"column":8},"end":{"line":84,"column":74}},"53":{"start":{"line":86,"column":9},"end":{"line":118,"column":5}},"54":{"start":{"line":87,"column":8},"end":{"line":87,"column":51}},"55":{"start":{"line":89,"column":9},"end":{"line":118,"column":5}},"56":{"start":{"line":90,"column":8},"end":{"line":90,"column":114}},"57":{"start":{"line":92,"column":9},"end":{"line":118,"column":5}},"58":{"start":{"line":93,"column":8},"end":{"line":106,"column":9}},"59":{"start":{"line":95,"column":16},"end":{"line":95,"column":62}},"60":{"start":{"line":97,"column":16},"end":{"line":97,"column":88}},"61":{"start":{"line":99,"column":16},"end":{"line":99,"column":89}},"62":{"start":{"line":101,"column":16},"end":{"line":101,"column":88}},"63":{"start":{"line":103,"column":16},"end":{"line":103,"column":62}},"64":{"start":{"line":105,"column":16},"end":{"line":105,"column":63}},"65":{"start":{"line":107,"column":8},"end":{"line":107,"column":66}},"66":{"start":{"line":108,"column":8},"end":{"line":108,"column":28}},"67":{"start":{"line":110,"column":9},"end":{"line":118,"column":5}},"68":{"start":{"line":111,"column":8},"end":{"line":111,"column":86}},"69":{"start":{"line":111,"column":68},"end":{"line":111,"column":83}},"70":{"start":{"line":113,"column":9},"end":{"line":118,"column":5}},"71":{"start":{"line":114,"column":32},"end":{"line":114,"column":100}},"72":{"start":{"line":115,"column":26},"end":{"line":115,"column":103}},"73":{"start":{"line":116,"column":8},"end":{"line":116,"column":47}},"74":{"start":{"line":117,"column":8},"end":{"line":117,"column":27}},"75":{"start":{"line":119,"column":4},"end":{"line":119,"column":65}},"76":{"start":{"line":121,"column":0},"end":{"line":121,"column":20}},"77":{"start":{"line":123,"column":0},"end":{"line":123,"column":23}}},"fnMap":{"0":{"name":"emit","decl":{"start":{"line":21,"column":9},"end":{"line":21,"column":13}},"loc":{"start":{"line":21,"column":28},"end":{"line":120,"column":1}},"line":21},"1":{"name":"(anonymous_1)","decl":{"start":{"line":33,"column":45},"end":{"line":33,"column":46}},"loc":{"start":{"line":33,"column":50},"end":{"line":33,"column":92}},"line":33},"2":{"name":"(anonymous_2)","decl":{"start":{"line":33,"column":98},"end":{"line":33,"column":99}},"loc":{"start":{"line":33,"column":103},"end":{"line":33,"column":118}},"line":33},"3":{"name":"(anonymous_3)","decl":{"start":{"line":111,"column":63},"end":{"line":111,"column":64}},"loc":{"start":{"line":111,"column":68},"end":{"line":111,"column":83}},"line":111}},"branchMap":{"0":{"loc":{"start":{"line":22,"column":4},"end":{"line":24,"column":5}},"type":"if","locations":[{"start":{"line":22,"column":4},"end":{"line":24,"column":5}},{"start":{"line":22,"column":4},"end":{"line":24,"column":5}}],"line":22},"1":{"loc":{"start":{"line":22,"column":8},"end":{"line":22,"column":67}},"type":"binary-expr","locations":[{"start":{"line":22,"column":8},"end":{"line":22,"column":56}},{"start":{"line":22,"column":60},"end":{"line":22,"column":67}}],"line":22},"2":{"loc":{"start":{"line":25,"column":4},"end":{"line":118,"column":5}},"type":"if","locations":[{"start":{"line":25,"column":4},"end":{"line":118,"column":5}},{"start":{"line":25,"column":4},"end":{"line":118,"column":5}}],"line":25},"3":{"loc":{"start":{"line":26,"column":8},"end":{"line":27,"column":43}},"type":"if","locations":[{"start":{"line":26,"column":8},"end":{"line":27,"column":43}},{"start":{"line":26,"column":8},"end":{"line":27,"column":43}}],"line":26},"4":{"loc":{"start":{"line":41,"column":9},"end":{"line":118,"column":5}},"type":"if","locations":[{"start":{"line":41,"column":9},"end":{"line":118,"column":5}},{"start":{"line":41,"column":9},"end":{"line":118,"column":5}}],"line":41},"5":{"loc":{"start":{"line":46,"column":8},"end":{"line":81,"column":9}},"type":"if","locations":[{"start":{"line":46,"column":8},"end":{"line":81,"column":9}},{"start":{"line":46,"column":8},"end":{"line":81,"column":9}}],"line":46},"6":{"loc":{"start":{"line":47,"column":12},"end":{"line":64,"column":13}},"type":"if","locations":[{"start":{"line":47,"column":12},"end":{"line":64,"column":13}},{"start":{"line":47,"column":12},"end":{"line":64,"column":13}}],"line":47},"7":{"loc":{"start":{"line":48,"column":16},"end":{"line":59,"column":17}},"type":"if","locations":[{"start":{"line":48,"column":16},"end":{"line":59,"column":17}},{"start":{"line":48,"column":16},"end":{"line":59,"column":17}}],"line":48},"8":{"loc":{"start":{"line":54,"column":20},"end":{"line":57,"column":21}},"type":"if","locations":[{"start":{"line":54,"column":20},"end":{"line":57,"column":21}},{"start":{"line":54,"column":20},"end":{"line":57,"column":21}}],"line":54},"9":{"loc":{"start":{"line":66,"column":13},"end":{"line":81,"column":9}},"type":"if","locations":[{"start":{"line":66,"column":13},"end":{"line":81,"column":9}},{"start":{"line":66,"column":13},"end":{"line":81,"column":9}}],"line":66},"10":{"loc":{"start":{"line":67,"column":12},"end":{"line":69,"column":13}},"type":"if","locations":[{"start":{"line":67,"column":12},"end":{"line":69,"column":13}},{"start":{"line":67,"column":12},"end":{"line":69,"column":13}}],"line":67},"11":{"loc":{"start":{"line":67,"column":16},"end":{"line":67,"column":98}},"type":"binary-expr","locations":[{"start":{"line":67,"column":16},"end":{"line":67,"column":68}},{"start":{"line":67,"column":72},"end":{"line":67,"column":98}}],"line":67},"12":{"loc":{"start":{"line":72,"column":13},"end":{"line":81,"column":9}},"type":"if","locations":[{"start":{"line":72,"column":13},"end":{"line":81,"column":9}},{"start":{"line":72,"column":13},"end":{"line":81,"column":9}}],"line":72},"13":{"loc":{"start":{"line":75,"column":13},"end":{"line":81,"column":9}},"type":"if","locations":[{"start":{"line":75,"column":13},"end":{"line":81,"column":9}},{"start":{"line":75,"column":13},"end":{"line":81,"column":9}}],"line":75},"14":{"loc":{"start":{"line":83,"column":9},"end":{"line":118,"column":5}},"type":"if","locations":[{"start":{"line":83,"column":9},"end":{"line":118,"column":5}},{"start":{"line":83,"column":9},"end":{"line":118,"column":5}}],"line":83},"15":{"loc":{"start":{"line":86,"column":9},"end":{"line":118,"column":5}},"type":"if","locations":[{"start":{"line":86,"column":9},"end":{"line":118,"column":5}},{"start":{"line":86,"column":9},"end":{"line":118,"column":5}}],"line":86},"16":{"loc":{"start":{"line":89,"column":9},"end":{"line":118,"column":5}},"type":"if","locations":[{"start":{"line":89,"column":9},"end":{"line":118,"column":5}},{"start":{"line":89,"column":9},"end":{"line":118,"column":5}}],"line":89},"17":{"loc":{"start":{"line":92,"column":9},"end":{"line":118,"column":5}},"type":"if","locations":[{"start":{"line":92,"column":9},"end":{"line":118,"column":5}},{"start":{"line":92,"column":9},"end":{"line":118,"column":5}}],"line":92},"18":{"loc":{"start":{"line":93,"column":8},"end":{"line":106,"column":9}},"type":"switch","locations":[{"start":{"line":94,"column":12},"end":{"line":95,"column":62}},{"start":{"line":96,"column":12},"end":{"line":97,"column":88}},{"start":{"line":98,"column":12},"end":{"line":99,"column":89}},{"start":{"line":100,"column":12},"end":{"line":101,"column":88}},{"start":{"line":102,"column":12},"end":{"line":103,"column":62}},{"start":{"line":104,"column":12},"end":{"line":105,"column":63}}],"line":93},"19":{"loc":{"start":{"line":110,"column":9},"end":{"line":118,"column":5}},"type":"if","locations":[{"start":{"line":110,"column":9},"end":{"line":118,"column":5}},{"start":{"line":110,"column":9},"end":{"line":118,"column":5}}],"line":110},"20":{"loc":{"start":{"line":111,"column":28},"end":{"line":111,"column":43}},"type":"binary-expr","locations":[{"start":{"line":111,"column":28},"end":{"line":111,"column":37}},{"start":{"line":111,"column":41},"end":{"line":111,"column":43}}],"line":111},"21":{"loc":{"start":{"line":113,"column":9},"end":{"line":118,"column":5}},"type":"if","locations":[{"start":{"line":113,"column":9},"end":{"line":118,"column":5}},{"start":{"line":113,"column":9},"end":{"line":118,"column":5}}],"line":113}},"s":{"0":1,"1":1,"2":1,"3":1,"4":1,"5":0,"6":0,"7":0,"8":0,"9":0,"10":0,"11":0,"12":0,"13":0,"14":0,"15":0,"16":0,"17":0,"18":0,"19":0,"20":0,"21":0,"22":0,"23":0,"24":0,"25":0,"26":0,"27":0,"28":0,"29":0,"30":0,"31":0,"32":0,"33":0,"34":0,"35":0,"36":0,"37":0,"38":0,"39":0,"40":0,"41":0,"42":0,"43":0,"44":0,"45":0,"46":0,"47":0,"48":0,"49":0,"50":0,"51":0,"52":0,"53":0,"54":0,"55":0,"56":0,"57":0,"58":0,"59":0,"60":0,"61":0,"62":0,"63":0,"64":0,"65":0,"66":0,"67":0,"68":0,"69":0,"70":0,"71":0,"72":0,"73":0,"74":0,"75":0,"76":1,"77":1},"f":{"0":0,"1":0,"2":0,"3":0},"b":{"0":[0,0],"1":[0,0],"2":[0,0],"3":[0,0],"4":[0,0],"5":[0,0],"6":[0,0],"7":[0,0],"8":[0,0],"9":[0,0],"10":[0,0],"11":[0,0],"12":[0,0],"13":[0,0],"14":[0,0],"15":[0,0],"16":[0,0],"17":[0,0],"18":[0,0,0,0,0,0],"19":[0,0],"20":[0,0],"21":[0,0]},"_coverageSchema":"332fd63041d2c1bcb487cc26dd0d5f7d97098a6c","hash":"62c563796be499ef1cea6036f80f65b8f5b29b98","contentHash":"a485e0791bb8192d937e5171c59b325b_11.0.3"},"/Users/juancazala/code/synaptic-engine/dist/src/Trainer.js":{"path":"/Users/juancazala/code/synaptic-engine/dist/src/Trainer.js","statementMap":{"0":{"start":{"line":2,"column":13},"end":{"line":10,"column":1}},"1":{"start":{"line":3,"column":12},"end":{"line":3,"column":14}},"2":{"start":{"line":4,"column":4},"end":{"line":5,"column":20}},"3":{"start":{"line":4,"column":21},"end":{"line":5,"column":20}},"4":{"start":{"line":5,"column":8},"end":{"line":5,"column":20}},"5":{"start":{"line":6,"column":4},"end":{"line":8,"column":30}},"6":{"start":{"line":7,"column":8},"end":{"line":8,"column":30}},"7":{"start":{"line":7,"column":80},"end":{"line":8,"column":30}},"8":{"start":{"line":8,"column":12},"end":{"line":8,"column":30}},"9":{"start":{"line":9,"column":4},"end":{"line":9,"column":13}},"10":{"start":{"line":11,"column":0},"end":{"line":11,"column":62}},"11":{"start":{"line":12,"column":15},"end":{"line":12,"column":38}},"12":{"start":{"line":15,"column":8},"end":{"line":15,"column":31}},"13":{"start":{"line":18,"column":127},"end":{"line":18,"column":129}},"14":{"start":{"line":18,"column":138},"end":{"line":18,"column":211}},"15":{"start":{"line":19,"column":8},"end":{"line":21,"column":9}},"16":{"start":{"line":19,"column":32},"end":{"line":19,"column":61}},"17":{"start":{"line":20,"column":12},"end":{"line":20,"column":84}},"18":{"start":{"line":22,"column":8},"end":{"line":22,"column":58}},"19":{"start":{"line":23,"column":8},"end":{"line":26,"column":35}},"20":{"start":{"line":31,"column":0},"end":{"line":31,"column":26}}},"fnMap":{"0":{"name":"(anonymous_0)","decl":{"start":{"line":2,"column":38},"end":{"line":2,"column":39}},"loc":{"start":{"line":2,"column":54},"end":{"line":10,"column":1}},"line":2},"1":{"name":"(anonymous_1)","decl":{"start":{"line":14,"column":4},"end":{"line":14,"column":5}},"loc":{"start":{"line":14,"column":25},"end":{"line":16,"column":5}},"line":14},"2":{"name":"(anonymous_2)","decl":{"start":{"line":17,"column":4},"end":{"line":17,"column":5}},"loc":{"start":{"line":17,"column":29},"end":{"line":27,"column":5}},"line":17},"3":{"name":"(anonymous_3)","decl":{"start":{"line":19,"column":27},"end":{"line":19,"column":28}},"loc":{"start":{"line":19,"column":32},"end":{"line":19,"column":61}},"line":19},"4":{"name":"(anonymous_4)","decl":{"start":{"line":28,"column":4},"end":{"line":28,"column":5}},"loc":{"start":{"line":28,"column":27},"end":{"line":29,"column":5}},"line":28}},"branchMap":{"0":{"loc":{"start":{"line":2,"column":13},"end":{"line":10,"column":1}},"type":"binary-expr","locations":[{"start":{"line":2,"column":14},"end":{"line":2,"column":18}},{"start":{"line":2,"column":22},"end":{"line":2,"column":33}},{"start":{"line":2,"column":38},"end":{"line":10,"column":1}}],"line":2},"1":{"loc":{"start":{"line":4,"column":21},"end":{"line":5,"column":20}},"type":"if","locations":[{"start":{"line":4,"column":21},"end":{"line":5,"column":20}},{"start":{"line":4,"column":21},"end":{"line":5,"column":20}}],"line":4},"2":{"loc":{"start":{"line":4,"column":25},"end":{"line":4,"column":87}},"type":"binary-expr","locations":[{"start":{"line":4,"column":25},"end":{"line":4,"column":67}},{"start":{"line":4,"column":71},"end":{"line":4,"column":87}}],"line":4},"3":{"loc":{"start":{"line":6,"column":4},"end":{"line":8,"column":30}},"type":"if","locations":[{"start":{"line":6,"column":4},"end":{"line":8,"column":30}},{"start":{"line":6,"column":4},"end":{"line":8,"column":30}}],"line":6},"4":{"loc":{"start":{"line":6,"column":8},"end":{"line":6,"column":71}},"type":"binary-expr","locations":[{"start":{"line":6,"column":8},"end":{"line":6,"column":17}},{"start":{"line":6,"column":21},"end":{"line":6,"column":71}}],"line":6},"5":{"loc":{"start":{"line":7,"column":80},"end":{"line":8,"column":30}},"type":"if","locations":[{"start":{"line":7,"column":80},"end":{"line":8,"column":30}},{"start":{"line":7,"column":80},"end":{"line":8,"column":30}}],"line":7},"6":{"loc":{"start":{"line":18,"column":14},"end":{"line":18,"column":32}},"type":"default-arg","locations":[{"start":{"line":18,"column":29},"end":{"line":18,"column":32}}],"line":18},"7":{"loc":{"start":{"line":18,"column":34},"end":{"line":18,"column":49}},"type":"default-arg","locations":[{"start":{"line":18,"column":45},"end":{"line":18,"column":49}}],"line":18},"8":{"loc":{"start":{"line":18,"column":51},"end":{"line":18,"column":71}},"type":"default-arg","locations":[{"start":{"line":18,"column":67},"end":{"line":18,"column":71}}],"line":18},"9":{"loc":{"start":{"line":18,"column":73},"end":{"line":18,"column":122}},"type":"default-arg","locations":[{"start":{"line":18,"column":88},"end":{"line":18,"column":122}}],"line":18},"10":{"loc":{"start":{"line":19,"column":8},"end":{"line":21,"column":9}},"type":"if","locations":[{"start"
[...]
t":{"line":50,"column":12},"end":{"line":50,"column":30}},{"start":{"line":51,"column":12},"end":{"line":51,"column":17}},{"start":{"line":52,"column":12},"end":{"line":52,"column":31}},{"start":{"line":53,"column":12},"end":{"line":53,"column":17}},{"start":{"line":54,"column":12},"end":{"line":54,"column":30}}],"line":49}},"s":{"0":1,"1":1,"2":0,"3":0,"4":0,"5":0,"6":0,"7":0,"8":0,"9":0,"10":0,"11":0,"12":0,"13":0,"14":0,"15":0,"16":0,"17":0,"18":0,"19":0,"20":0,"21":0,"22":0,"23":0,"24":0,"25":0,"26":0,"27":0,"28":0,"29":1},"f":{"0":0,"1":0,"2":0},"b":{"0":[0],"1":[0,0],"2":[0,0],"3":[0,0,0,0,0,0]},"_coverageSchema":"332fd63041d2c1bcb487cc26dd0d5f7d97098a6c","hash":"52f8901fba80ff6ee196d33adf9f7550f5bc5136","contentHash":"1aa326693ad23e4e22e7edcc2dbe569a_11.0.3"},"/Users/juancazala/code/synaptic-engine/dist/src/layers/MaxPool3D.js":{"path":"/Users/juancazala/code/synaptic-engine/dist/src/layers/MaxPool3D.js","statementMap":{"0":{"start":{"line":2,"column":0},"end":{"line":2,"column":62}},"1":{"start":{"line":3,"column":19},"end":{"line":3,"column":38}},"2":{"start":{"line":6,"column":8},"end":{"line":6,"column":41}},"3":{"start":{"line":7,"column":8},"end":{"line":7,"column":26}},"4":{"start":{"line":8,"column":8},"end":{"line":8,"column":26}},"5":{"start":{"line":11,"column":8},"end":{"line":13,"column":9}},"6":{"start":{"line":12,"column":12},"end":{"line":12,"column":87}},"7":{"start":{"line":14,"column":8},"end":{"line":14,"column":40}},"8":{"start":{"line":15,"column":8},"end":{"line":15,"column":40}},"9":{"start":{"line":17,"column":8},"end":{"line":42,"column":9}},"10":{"start":{"line":18,"column":12},"end":{"line":41,"column":13}},"11":{"start":{"line":19,"column":16},"end":{"line":40,"column":17}},"12":{"start":{"line":20,"column":33},"end":{"line":20,"column":97}},"13":{"start":{"line":21,"column":20},"end":{"line":21,"column":42}},"14":{"start":{"line":22,"column":20},"end":{"line":39,"column":21}},"15":{"start":{"line":23,"column":24},"end":{"line":38,"column":25}},"16":{"start":{"line":24,"column":28},"end":{"line":37,"column":29}},"17":{"start":{"line":25,"column":32},"end":{"line":25,"column":52}},"18":{"start":{"line":26,"column":32},"end":{"line":26,"column":52}},"19":{"start":{"line":27,"column":32},"end":{"line":27,"column":52}},"20":{"start":{"line":28,"column":32},"end":{"line":36,"column":33}},"21":{"start":{"line":29,"column":49},"end":{"line":29,"column":139}},"22":{"start":{"line":30,"column":47},"end":{"line":30,"column":51}},"23":{"start":{"line":31,"column":36},"end":{"line":31,"column":71}},"24":{"start":{"line":32,"column":49},"end":{"line":32,"column":116}},"25":{"start":{"line":33,"column":36},"end":{"line":33,"column":68}},"26":{"start":{"line":34,"column":36},"end":{"line":34,"column":58}},"27":{"start":{"line":35,"column":36},"end":{"line":35,"column":70}},"28":{"start":{"line":43,"column":8},"end":{"line":48,"column":10}},"29":{"start":{"line":51,"column":8},"end":{"line":56,"column":31}},"30":{"start":{"line":59,"column":0},"end":{"line":59,"column":28}}},"fnMap":{"0":{"name":"(anonymous_0)","decl":{"start":{"line":5,"column":4},"end":{"line":5,"column":5}},"loc":{"start":{"line":5,"column":34},"end":{"line":9,"column":5}},"line":5},"1":{"name":"(anonymous_1)","decl":{"start":{"line":10,"column":4},"end":{"line":10,"column":5}},"loc":{"start":{"line":10,"column":28},"end":{"line":49,"column":5}},"line":10},"2":{"name":"(anonymous_2)","decl":{"start":{"line":50,"column":4},"end":{"line":50,"column":5}},"loc":{"start":{"line":50,"column":31},"end":{"line":57,"column":5}},"line":50}},"branchMap":{"0":{"loc":{"start":{"line":5,"column":16},"end":{"line":5,"column":32}},"type":"default-arg","locations":[{"start":{"line":5,"column":31},"end":{"line":5,"column":32}}],"line":5},"1":{"loc":{"start":{"line":11,"column":8},"end":{"line":13,"column":9}},"type":"if","locations":[{"start":{"line":11,"column":8},"end":{"line":13,"column":9}},{"start":{"line":11,"column":8},"end":{"line":13,"column":9}}],"line":11},"2":{"loc":{"start":{"line":28,"column":32},"end":{"line":36,"column":33}},"type":"if","locations":[{"start":{"line":28,"column":32},"end":{"line":36,"column":33}},{"start":{"line":28,"column":32},"end":{"line":36,"column":33}}],"line":28},"3":{"loc":{"start":{"line":51,"column":15},"end":{"line":56,"column":30}},"type":"binary-expr","locations":[{"start":{"line":51,"column":15},"end":{"line":51,"column":20}},{"start":{"line":52,"column":12},"end":{"line":52,"column":30}},{"start":{"line":53,"column":12},"end":{"line":53,"column":17}},{"start":{"line":54,"column":12},"end":{"line":54,"column":31}},{"start":{"line":55,"column":12},"end":{"line":55,"column":17}},{"start":{"line":56,"column":12},"end":{"line":56,"column":30}}],"line":51}},"s":{"0":1,"1":1,"2":0,"3":0,"4":0,"5":0,"6":0,"7":0,"8":0,"9":0,"10":0,"11":0,"12":0,"13":0,"14":0,"15":0,"16":0,"17":0,"18":0,"19":0,"20":0,"21":0,"22":0,"23":0,"24":0,"25":0,"26":0,"27":0,"28":0,"29":0,"30":1},"f":{"0":0,"1":0,"2":0},"b":{"0":[0],"1":[0,0],"2":[0,0],"3":[0,0,0,0,0,0]},"_coverageSchema":"332fd63041d2c1bcb487cc26dd0d5f7d97098a6c","hash":"5367f3968b4985fedd9016bd303d0f9ea7bea294","contentHash":"7f7261656e4c1f98f33e3c31864fe859_11.0.3"},"/Users/juancazala/code/synaptic-engine/dist/src/layers/Softmax.js":{"path":"/Users/juancazala/code/synaptic-engine/dist/src/layers/Softmax.js","statementMap":{"0":{"start":{"line":2,"column":0},"end":{"line":2,"column":62}},"1":{"start":{"line":3,"column":16},"end":{"line":3,"column":34}},"2":{"start":{"line":4,"column":19},"end":{"line":4,"column":38}},"3":{"start":{"line":7,"column":8},"end":{"line":7,"column":133}},"4":{"start":{"line":10,"column":0},"end":{"line":10,"column":26}}},"fnMap":{"0":{"name":"(anonymous_0)","decl":{"start":{"line":6,"column":4},"end":{"line":6,"column":5}},"loc":{"start":{"line":6,"column":36},"end":{"line":8,"column":5}},"line":6}},"branchMap":{"0":{"loc":{"start":{"line":6,"column":22},"end":{"line":6,"column":34}},"type":"default-arg","locations":[{"start":{"line":6,"column":32},"end":{"line":6,"column":34}}],"line":6}},"s":{"0":1,"1":1,"2":1,"3":0,"4":1},"f":{"0":0},"b":{"0":[0]},"_coverageSchema":"332fd63041d2c1bcb487cc26dd0d5f7d97098a6c","hash":"bd71868ee1ff809f72cad36a6bc90042af720d45","contentHash":"8061e2a577df98c834e6eb9db522c34a_11.0.3"},"/Users/juancazala/code/synaptic-engine/dist/src/layers/Regression.js":{"path":"/Users/juancazala/code/synaptic-engine/dist/src/layers/Regression.js","statementMap":{"0":{"start":{"line":2,"column":0},"end":{"line":2,"column":62}},"1":{"start":{"line":3,"column":16},"end":{"line":3,"column":34}},"2":{"start":{"line":4,"column":19},"end":{"line":4,"column":38}},"3":{"start":{"line":7,"column":8},"end":{"line":7,"column":134}},"4":{"start":{"line":10,"column":0},"end":{"line":10,"column":29}}},"fnMap":{"0":{"name":"(anonymous_0)","decl":{"start":{"line":6,"column":4},"end":{"line":6,"column":5}},"loc":{"start":{"line":6,"column":36},"end":{"line":8,"column":5}},"line":6}},"branchMap":{"0":{"loc":{"start":{"line":6,"column":22},"end":{"line":6,"column":34}},"type":"default-arg","locations":[{"start":{"line":6,"column":32},"end":{"line":6,"column":34}}],"line":6}},"s":{"0":1,"1":1,"2":1,"3":1,"4":1},"f":{"0":1},"b":{"0":[1]},"_coverageSchema":"332fd63041d2c1bcb487cc26dd0d5f7d97098a6c","hash":"185ed6c9e8159878ce9a0bbce9cb71cf95f34467","contentHash":"1af9862cb8549b912d90f9da92d09266_11.0.3"},"/Users/juancazala/code/synaptic-engine/dist/src/layers/ZeroPadding.js":{"path":"/Users/juancazala/code/synaptic-engine/dist/src/layers/ZeroPadding.js","statementMap":{"0":{"start":{"line":2,"column":0},"end":{"line":2,"column":62}},"1":{"start":{"line":3,"column":19},"end":{"line":3,"column":38}},"2":{"start":{"line":6,"column":8},"end":{"line":6,"column":31}},"3":{"start":{"line":7,"column":8},"end":{"line":7,"column":26}},"4":{"start":{"line":10,"column":8},"end":{"line":12,"column":9}},"5":{"start":{"line":11,"column":12},"end":{"line":11,"column":89}},"6":{"start":{"line":13,"column":8},"end":{"line":13,"column":40}},"7":{"start":{"line":15,"column":8},"end":{"line":27,"column":9}},"8":{"start":{"line":16,"column":12},"end":{"line":26,"column":13}},"9":{"start":{"line":17,"column":16},"end":{"line":25,"column":17}},"10":{"start":{"line":18,"column":33},"end":{"line":18,"column":97}},"11":{"start":{"line":19,"column":20},"end":{"line":19,"column":42}},"12":{"start":{"line":20,"column":20},"end":{"line":24,"column":21}},"13":{"start":{"line":21,"column":24},"end":{"line":21,"column":34}},"14":{"start":{"line":22,"column":24},"end":{"line":22,"column":110}},"15":{"start":{"line":23,"column":24},"end":{"line":23,"column":56}},"16":{"start":{"line":28,"column":8},"end":{"line":33,"column":10}},"17":{"start":{"line":36,"column":8},"end":{"line":41,"column":31}},"18":{"start":{"line":44,"column":0},"end":{"line":44,"column":30}}},"fnMap":{"0":{"name":"(anonymous_0)","decl":{"start":{"line":5,"column":4},"end":{"line":5,"column":5}},"loc":{"start":{"line":5,"column":25},"end":{"line":8,"column":5}},"line":5},"1":{"name":"(anonymous_1)","decl":{"start":{"line":9,"column":4},"end":{"line":9,"column":5}},"loc":{"start":{"line":9,"column":28},"end":{"line":34,"column":5}},"line":9},"2":{"name":"(anonymous_2)","decl":{"start":{"line":35,"column":4},"end":{"line":35,"column":5}},"loc":{"start":{"line":35,"column":33},"end":{"line":42,"column":5}},"line":35}},"branchMap":{"0":{"loc":{"start":{"line":10,"column":8},"end":{"line":12,"column":9}},"type":"if","locations":[{"start":{"line":10,"column":8},"end":{"line":12,"column":9}},{"start":{"line":10,"column":8},"end":{"line":12,"column":9}}],"line":10},"1":{"loc":{"start":{"line":20,"column":20},"end":{"line":24,"column":21}},"type":"if","locations":[{"start":{"line":20,"column":20},"end":{"line":24,"column":21}},{"start":{"line":20,"column":20},"end":{"line":24,"column":21}}],"line":20},"2":{"loc":{"start":{"line":36,"column":15},"end":{"line":41,"column":30}},"type":"binary-expr","locations":[{"start":{"line":36,"column":15},"end":{"line":36,"column":20}},{"start":{"line":37,"column":12},"end":{"line":37,"column":30}},{"start":{"line":38,"column":12},"end":{"line":38,"column":17}},{"start":{"line":39,"column":12},"end":{"line":39,"column":31}},{"start":{"line":40,"column":12},"end":{"line":40,"column":17}},{"start":{"line":41,"column":12},"end":{"line":41,"column":30}}],"line":36}},"s":{"0":1,"1":1,"2":0,"3":0,"4":0,"5":0,"6":0,"7":0,"8":0,"9":0,"10":0,"11":0,"12":0,"13":0,"14":0,"15":0,"16":0,"17":0,"18":1},"f":{"0":0,"1":0,"2":0},"b":{"0":[0,0],"1":[0,0],"2":[0,0,0,0,0,0]},"_coverageSchema":"332fd63041d2c1bcb487cc26dd0d5f7d97098a6c","hash":"9c95f0e4ef679c93adbc8af862346c88d145ed55","contentHash":"0ac9133050d9db25a82a4bc5f9cb3f79_11.0.3"},"/Users/juancazala/code/synaptic-engine/dist/src/layers/ZeroPadding2D.js":{"path":"/Users/juancazala/code/synaptic-engine/dist/src/layers/ZeroPadding2D.js","statementMap":{"0":{"start":{"line":2,"column":0},"end":{"line":2,"column":62}},"1":{"start":{"line":3,"column":19},"end":{"line":3,"column":38}},"2":{"start":{"line":6,"column":8},"end":{"line":6,"column":31}},"3":{"start":{"line":7,"column":8},"end":{"line":7,"column":26}},"4":{"start":{"line":10,"column":8},"end":{"line":12,"column":9}},"5":{"start":{"line":11,"column":12},"end":{"line":11,"column":91}},"6":{"start":{"line":13,"column":8},"end":{"line":13,"column":40}},"7":{"start":{"line":15,"column":8},"end":{"line":27,"column":9}},"8":{"start":{"line":16,"column":12},"end":{"line":26,"column":13}},"9":{"start":{"line":17,"column":16},"end":{"line":25,"column":17}},"10":{"start":{"line":18,"column":33},"end":{"line":18,"column":121}},"11":{"start":{"line":19,"column":20},"end":{"line":19,"column":42}},"12":{"start":{"line":20,"column":20},"end":{"line":24,"column":21}},"13":{"start":{"line":21,"column":24},"end":{"line":21,"column":34}},"14":{"start":{"line":22,"column":24},"end":{"line":22,"column":110}},"15":{"start":{"line":23,"column":24},"end":{"line":23,"column":56}},"16":{"start":{"line":28,"column":8},"end":{"line":33,"column":10}},"17":{"start":{"line":36,"column":8},"end":{"line":41,"column":31}},"18":{"start":{"line":44,"column":0},"end":{"line":44,"column":32}}},"fnMap":{"0":{"name":"(anonymous_0)","decl":{"start":{"line":5,"column":4},"end":{"line":5,"column":5}},"loc":{"start":{"line":5,"column":25},"end":{"line":8,"column":5}},"line":5},"1":{"name":"(anonymous_1)","decl":{"start":{"line":9,"column":4},"end":{"line":9,"column":5}},"loc":{"start":{"line":9,"column":28},"end":{"line":34,"column":5}},"line":9},"2":{"name":"(anonymous_2)","decl":{"start":{"line":35,"column":4},"end":{"line":35,"column":5}},"loc":{"start":{"line":35,"column":33},"end":{"line":42,"column":5}},"line":35}},"branchMap":{"0":{"loc":{"start":{"line":10,"column":8},"end":{"line":12,"column":9}},"type":"if","locations":[{"start":{"line":10,"column":8},"end":{"line":12,"column":9}},{"start":{"line":10,"column":8},"end":{"line":12,"column":9}}],"line":10},"1":{"loc":{"start":{"line":20,"column":20},"end":{"line":24,"column":21}},"type":"if","locations":[{"start":{"line":20,"column":20},"end":{"line":24,"column":21}},{"start":{"line":20,"column":20},"end":{"line":24,"column":21}}],"line":20},"2":{"loc":{"start":{"line":36,"column":15},"end":{"line":41,"column":30}},"type":"binary-expr","locations":[{"start":{"line":36,"column":15},"end":{"line":36,"column":20}},{"start":{"line":37,"column":12},"end":{"line":37,"column":30}},{"start":{"line":38,"column":12},"end":{"line":38,"column":17}},{"start":{"line":39,"column":12},"end":{"line":39,"column":31}},{"start":{"line":40,"column":12},"end":{"line":40,"column":17}},{"start":{"line":41,"column":12},"end":{"line":41,"column":30}}],"line":36}},"s":{"0":1,"1":1,"2":0,"3":0,"4":0,"5":0,"6":0,"7":0,"8":0,"9":0,"10":0,"11":0,"12":0,"13":0,"14":0,"15":0,"16":0,"17":0,"18":1},"f":{"0":0,"1":0,"2":0},"b":{"0":[0,0],"1":[0,0],"2":[0,0,0,0,0,0]},"_coverageSchema":"332fd63041d2c1bcb487cc26dd0d5f7d97098a6c","hash":"b641637d327e856783c9ba0ebdac3568adf75763","contentHash":"af9c843f8bc77d2d029b3766f223975a_11.0.3"},"/Users/juancazala/code/synaptic-engine/dist/src/layers/ZeroPadding3D.js":{"path":"/Users/juancazala/code/synaptic-engine/dist/src/layers/ZeroPadding3D.js","statementMap":{"0":{"start":{"line":2,"column":0},"end":{"line":2,"column":62}},"1":{"start":{"line":3,"column":19},"end":{"line":3,"column":38}},"2":{"start":{"line":6,"column":8},"end":{"line":6,"column":31}},"3":{"start":{"line":7,"column":8},"end":{"line":7,"column":26}},"4":{"start":{"line":10,"column":8},"end":{"line":12,"column":9}},"5":{"start":{"line":11,"column":12},"end":{"line":11,"column":91}},"6":{"start":{"line":13,"column":8},"end":{"line":13,"column":40}},"7":{"start":{"line":15,"column":8},"end":{"line":27,"column":9}},"8":{"start":{"line":16,"column":12},"end":{"line":26,"column":13}},"9":{"start":{"line":17,"column":16},"end":{"line":25,"column":17}},"10":{"start":{"line":18,"column":33},"end":{"line":18,"column":97}},"11":{"start":{"line":19,"column":20},"end":{"line":19,"column":42}},"12":{"start":{"line":20,"column":20},"end":{"line":24,"column":21}},"13":{"start":{"line":21,"column":24},"end":{"line":21,"column":34}},"14":{"start":{"line":22,"column":24},"end":{"line":22,"column":110}},"15":{"start":{"line":23,"column":24},"end":{"line":23,"column":56}},"16":{"start":{"line":28,"column":8},"end":{"line":33,"column":10}},"17":{"start":{"line":36,"column":8},"end":{"line":41,"column":31}},"18":{"start":{"line":44,"column":0},"end":{"line":44,"column":32}}},"fnMap":{"0":{"name":"(anonymous_0)","decl":{"start":{"line":5,"column":4},"end":{"line":5,"column":5}},"loc":{"start":{"line":5,"column":25},"end":{"line":8,"column":5}},"line":5},"1":{"name":"(anonymous_1)","decl":{"start":{"line":9,"column":4},"end":{"line":9,"column":5}},"loc":{"start":{"line":9,"column":28},"end":{"line":34,"column":5}},"line":9},"2":{"name":"(anonymous_2)","decl":{"start":{"line":35,"column":4},"end":{"line":35,"column":5}},"loc":{"start":{"line":35,"column":33},"end":{"line":42,"column":5}},"line":35}},"branchMap":{"0":{"loc":{"start":{"line":10,"column":8},"end":{"line":12,"column":9}},"type":"if","locations":[{"start":{"line":10,"column":8},"end":{"line":12,"column":9}},{"start":{"line":10,"column":8},"end":{"line":12,"column":9}}],"line":10},"1":{"loc":{"start":{"line":20,"column":20},"end":{"line":24,"column":21}},"type":"if","locations":[{"start":{"line":20,"column":20},"end":{"line":24,"column":21}},{"start":{"line":20,"column":20},"end":{"line":24,"column":21}}],"line":20},"2":{"loc":{"start":{"line":36,"column":15},"end":{"line":41,"column":30}},"type":"binary-expr","locations":[{"start":{"line":36,"column":15},"end":{"line":36,"column":20}},{"start":{"line":37,"column":12},"end":{"line":37,"column":30}},{"start":{"line":38,"column":12},"end":{"line":38,"column":17}},{"start":{"line":39,"column":12},"end":{"line":39,"column":31}},{"start":{"line":40,"column":12},"end":{"line":40,"column":17}},{"start":{"line":41,"column":12},"end":{"line":41,"column":30}}],"line":36}},"s":{"0":1,"1":1,"2":0,"3":0,"4":0,"5":0,"6":0,"7":0,"8":0,"9":0,"10":0,"11":0,"12":0,"13":0,"14":0,"15":0,"16":0,"17":0,"18":1},"f":{"0":0,"1":0,"2":0},"b":{"0":[0,0],"1":[0,0],"2":[0,0,0,0,0,0]},"_coverageSchema":"332fd63041d2c1bcb487cc26dd0d5f7d97098a6c","hash":"5d34e54d3505de569da03fb7ad177d7993d761e8","contentHash":"18e4a9c33b0e89764010c2bfd7eff94a_11.0.3"},"/Users/juancazala/code/synaptic-engine/dist/src/utils/topologyPrinter.js":{"path":"/Users/juancazala/code/synaptic-engine/dist/src/utils/topologyPrinter.js","statementMap":{"0":{"start":{"line":2,"column":0},"end":{"line":2,"column":62}},"1":{"start":{"line":3,"column":19},"end":{"line":3,"column":38}},"2":{"start":{"line":5,"column":24},"end":{"line":5,"column":36}},"3":{"start":{"line":6,"column":4},"end":{"line":15,"column":7}},"4":{"start":{"line":7,"column":30},"end":{"line":7,"column":32}},"5":{"start":{"line":8,"column":8},"end":{"line":11,"column":11}},"6":{"start":{"line":9,"column":21},"end":{"line":9,"column":111}},"7":{"start":{"line":10,"column":12},"end":{"line":10,"column":65}},"8":{"start":{"line":12,"column":23},"end":{"line":12,"column":25}},"9":{"start":{"line":13,"column":8},"end":{"line":13,"column":104}},"10":{"start":{"line":13,"column":46},"end":{"line":13,"column":102}},"11":{"start":{"line":14,"column":8},"end":{"line":14,"column":100}},"12":{"start":{"line":16,"column":4},"end":{"line":16,"column":34}},"13":{"start":{"line":17,"column":4},"end":{"line":17,"column":28}},"14":{"start":{"line":18,"column":4},"end":{"line":18,"column":36}},"15":{"start":{"line":20,"column":0},"end":{"line":20,"column":34}}},"fnMap":{"0":{"name":"logTopology","decl":{"start":{"line":4,"column":9},"end":{"line":4,"column":20}},"loc":{"start":{"line":4,"column":30},"end":{"line":19,"column":1}},"line":4},"1":{"name":"(anonymous_1)","decl":{"start":{"line":6,"column":31},"end":{"line":6,"column":32}},"loc":{"start":{"line":6,"column":43},"end":{"line":15,"column":5}},"line":6},"2":{"name":"(anonymous_2)","decl":{"start":{"line":8,"column":31},"end":{"line":8,"column":32}},"loc":{"start":{"line":8,"column":39},"end":{"line":11,"column":9}},"line":8},"3":{"name":"(anonymous_3)","decl":{"start":{"line":13,"column":41},"end":{"line":13,"column":42}},"loc":{"start":{"line":13,"column":46},"end":{"line":13,"column":102}},"line":13}},"branchMap":{"0":{"loc":{"start":{"line":10,"column":35},"end":{"line":10,"column":59}},"type":"binary-expr","locations":[{"start":{"line":10,"column":35},"end":{"line":10,"column":54}},{"start":{"line":10,"column":58},"end":{"line":10,"column":59}}],"line":10}},"s":{"0":1,"1":1,"2":1,"3":1,"4":3,"5":3,"6":6,"7":6,"8":3,"9":3,"10":3,"11":3,"12":1,"13":1,"14":1,"15":1},"f":{"0":1,"1":3,"2":6,"3":3},"b":{"0":[6,3]},"_coverageSchema":"332fd63041d2c1bcb487cc26dd0d5f7d97098a6c","hash":"a231b5568c3c0440af76b75239a5005f09f90993","contentHash":"d3d38c8c093a58a6fc6a1b52a6480380_11.0.3"}}